Virtual User Script started at: 2/20/2025 4:44:45 PM
Starting action vuser_init.
Web Turbo Replay of LoadRunner 2024.3.0 for Windows 11; build 528 (Jul 14 2024 16:38:13)  	[MsgId: MMSG-26983]
Run mode: HTML  	[MsgId: MMSG-26993]
Replay user agent: Mozilla/5.0 (Windows NT 10.0; Win64; x64) AppleWebKit/537.36 (KHTML, like Gecko) Chrome/122.0.0.0 Safari/537.36  	[MsgId: MMSG-26988]
Runtime Settings file: "C:\Users\kbuber\Downloads\Scripts\AOS_SelectProduct_TransactionName_CheckPoint\\default.cfg"  	[MsgId: MMSG-27141]
Ending action vuser_init.
Running Vuser...
Starting iteration 1.
Maximum number of concurrent connections per server: 6  	[MsgId: MMSG-26989]
Starting action Action.
Action.c(4): web_set_sockets_option started  	[MsgId: MMSG-26355]
Action.c(4): web_set_sockets_option was successful  	[MsgId: MMSG-26392]
Action.c(6): web_add_auto_header("Accept-Language") started  	[MsgId: MMSG-26355]
Action.c(6): web_add_auto_header("Accept-Language") was successful  	[MsgId: MMSG-26392]
Action.c(9): web_add_cookie started  	[MsgId: MMSG-26355]
Action.c(9): web_add_cookie was successful  	[MsgId: MMSG-26392]
Action.c(11): Notify: Transaction "Ex7_TR00_Launch" started.
Action.c(13): web_url("nimbusserver.aos.com:8000") started  	[MsgId: MMSG-26355]
Action.c(13): Found resource "http://advantageonlineshopping.com/css/main.min.css" in HTML "http://advantageonlineshopping.com/"  	[MsgId: MMSG-26659]
Action.c(13): Found resource "https://www.googletagmanager.com/gtag/js?id=G-TBPYED8WSW" in HTML "http://advantageonlineshopping.com/"  	[MsgId: MMSG-26659]
Action.c(13): Found resource "http://advantageonlineshopping.com/css/images/Down_arrow.svg" in HTML "http://advantageonlineshopping.com/"  	[MsgId: MMSG-26659]
Action.c(13): Found resource "http://advantageonlineshopping.com/vendor/requirejs/require.js" in HTML "http://advantageonlineshopping.com/"  	[MsgId: MMSG-26659]
Action.c(13): Downloading resource "http://advantageonlineshopping.com/main.min.js" (specified by argument number 9)  	[MsgId: MMSG-26576]
Action.c(13): Downloading resource "http://advantageonlineshopping.com/services.properties" (specified by argument number 11)  	[MsgId: MMSG-26576]
Action.c(13): Downloading resource "http://advantageonlineshopping.com/css/images/closeDark.png" (specified by argument number 13)  	[MsgId: MMSG-26576]
Action.c(13): Downloading resource "http://advantageonlineshopping.com/css/images/logo.png" (specified by argument number 15)  	[MsgId: MMSG-26576]
Action.c(13): Downloading resource "http://advantageonlineshopping.com/css/fonts/roboto_medium_macroman/Roboto-Medium-webfont.woff" (specified by argument number 17)  	[MsgId: MMSG-26576]
Action.c(13): Downloading resource "http://advantageonlineshopping.com/css/fonts/roboto_light_macroman/Roboto-Light-webfont.woff" (specified by argument number 20)  	[MsgId: MMSG-26576]
Action.c(13): Downloading resource "http://advantageonlineshopping.com/css/fonts/roboto_regular_macroman/Roboto-Regular-webfont.woff" (specified by argument number 23)  	[MsgId: MMSG-26576]
Action.c(13): Downloading resource "http://advantageonlineshopping.com/css/images/arrow_right.png" (specified by argument number 26)  	[MsgId: MMSG-26576]
Action.c(13): Downloading resource "http://advantageonlineshopping.com/css/images/Special-offer.jpg" (specified by argument number 29)  	[MsgId: MMSG-26576]
Action.c(13): Downloading resource "http://advantageonlineshopping.com/catalog/fetchImage?image_id=mice" (specified by argument number 31)  	[MsgId: MMSG-26576]
Action.c(13): Downloading resource "http://advantageonlineshopping.com/catalog/fetchImage?image_id=headphones" (specified by argument number 33)  	[MsgId: MMSG-26576]
Action.c(13): Downloading resource "http://advantageonlineshopping.com/catalog/fetchImage?image_id=tablets" (specified by argument number 35)  	[MsgId: MMSG-26576]
Action.c(13): Downloading resource "http://advantageonlineshopping.com/catalog/fetchImage?image_id=laptops" (specified by argument number 37)  	[MsgId: MMSG-26576]
Action.c(13): Downloading resource "http://advantageonlineshopping.com/catalog/fetchImage?image_id=speakers" (specified by argument number 39)  	[MsgId: MMSG-26576]
Action.c(13): Downloading resource "http://advantageonlineshopping.com/css/fonts/roboto_bold_macroman/Roboto-Bold-webfont.woff" (specified by argument number 41)  	[MsgId: MMSG-26576]
Action.c(13): Downloading resource "http://advantageonlineshopping.com/css/images/linkedin.png" (specified by argument number 44)  	[MsgId: MMSG-26576]
Action.c(13): Downloading resource "http://advantageonlineshopping.com/css/images/facebook.png" (specified by argument number 46)  	[MsgId: MMSG-26576]
Action.c(13): Downloading resource "http://advantageonlineshopping.com/css/images/twitter.png" (specified by argument number 48)  	[MsgId: MMSG-26576]
Action.c(13): Downloading resource "http://advantageonlineshopping.com/css/images/GoUp.png" (specified by argument number 50)  	[MsgId: MMSG-26576]
Action.c(13): Downloading resource "http://advantageonlineshopping.com/css/fonts/roboto_thin_macroman/Roboto-Thin-webfont.woff" (specified by argument number 52)  	[MsgId: MMSG-26576]
Action.c(13): Downloading resource "http://advantageonlineshopping.com/css/images/Banner1.jpg" (specified by argument number 55)  	[MsgId: MMSG-26576]
Action.c(13): Downloading resource "http://advantageonlineshopping.com/css/images/Popular-item2.jpg" (specified by argument number 57)  	[MsgId: MMSG-26576]
Action.c(13): Downloading resource "http://advantageonlineshopping.com/css/images/Popular-item1.jpg" (specified by argument number 59)  	[MsgId: MMSG-26576]
Action.c(13): Downloading resource "http://advantageonlineshopping.com/css/images/Popular-item3.jpg" (specified by argument number 61)  	[MsgId: MMSG-26576]
Action.c(13): Downloading resource "http://advantageonlineshopping.com/css/images/Banner3.jpg" (specified by argument number 63)  	[MsgId: MMSG-26576]
Action.c(13): Downloading resource "http://advantageonlineshopping.com/css/images/Banner2.jpg" (specified by argument number 65)  	[MsgId: MMSG-26576]
Action.c(13): Downloading resource "http://advantageonlineshopping.com/css/images/category_banner_4.png" (specified by argument number 67)  	[MsgId: MMSG-26576]
Action.c(13): Downloading resource "http://advantageonlineshopping.com/css/images/Filter.png" (specified by argument number 69)  	[MsgId: MMSG-26576]
Action.c(13): Downloading resource "http://advantageonlineshopping.com/catalog/fetchImage?image_id=4700" (specified by argument number 71)  	[MsgId: MMSG-26576]
Action.c(13): Downloading resource "http://advantageonlineshopping.com/catalog/fetchImage?image_id=4600" (specified by argument number 73)  	[MsgId: MMSG-26576]
Action.c(13): Downloading resource "http://advantageonlineshopping.com/catalog/fetchImage?image_id=4400" (specified by argument number 75)  	[MsgId: MMSG-26576]
Action.c(13): Downloading resource "http://advantageonlineshopping.com/catalog/fetchImage?image_id=4200" (specified by argument number 77)  	[MsgId: MMSG-26576]
Action.c(13): Downloading resource "http://advantageonlineshopping.com/catalog/fetchImage?image_id=4300" (specified by argument number 79)  	[MsgId: MMSG-26576]
Action.c(13): Downloading resource "http://advantageonlineshopping.com/catalog/fetchImage?image_id=4100" (specified by argument number 81)  	[MsgId: MMSG-26576]
Action.c(13): Downloading resource "http://advantageonlineshopping.com/catalog/fetchImage?image_id=4500" (specified by argument number 83)  	[MsgId: MMSG-26576]
Action.c(13): web_url("nimbusserver.aos.com:8000") was successful, 2760766 body bytes, 13895 header bytes, 955 chunking overhead bytes  	[MsgId: MMSG-26385]
Action.c(58): web_url("ALL") started  	[MsgId: MMSG-26355]
Action.c(58): web_url("ALL") was successful, 6541 body bytes, 342 header bytes, 18 chunking overhead bytes  	[MsgId: MMSG-26385]
Action.c(67): web_custom_request("GetAccountConfigurationRequest") started  	[MsgId: MMSG-26355]
Action.c(67): web_custom_request("GetAccountConfigurationRequest") was successful, 2 body bytes, 555 header bytes, 10 chunking overhead bytes  	[MsgId: MMSG-26385]
Action.c(76): web_custom_request("GetAccountConfigurationRequest_2") started  	[MsgId: MMSG-26355]
Action.c(76): web_custom_request("GetAccountConfigurationRequest_2") was successful, 823 body bytes, 674 header bytes  	[MsgId: MMSG-26386]
Action.c(88): web_url("categories") started  	[MsgId: MMSG-26355]
Action.c(88): web_url("categories") was successful, 4977 body bytes, 342 header bytes, 18 chunking overhead bytes  	[MsgId: MMSG-26385]
Action.c(97): web_url("search") started  	[MsgId: MMSG-26355]
Action.c(97): web_url("search") was successful, 351 body bytes, 342 header bytes, 12 chunking overhead bytes  	[MsgId: MMSG-26385]
Action.c(106): web_url("popularProducts.json") started  	[MsgId: MMSG-26355]
Action.c(106): web_url("popularProducts.json") was successful, 500 body bytes, 380 header bytes, 12 chunking overhead bytes  	[MsgId: MMSG-26385]
Action.c(115): web_url("home-page.html") started  	[MsgId: MMSG-26355]
Action.c(115): Found resource "http://advantageonlineshopping.com/app/views/css/images/Special-offer.jpg" in HTML "http://advantageonlineshopping.com/app/views/home-page.html"  	[MsgId: MMSG-26659]
Action.c(115): Found resource "http://advantageonlineshopping.com/css/images/chat_logo.png" in HTML "http://advantageonlineshopping.com/app/views/home-page.html"  	[MsgId: MMSG-26659]
Action.c(115): Warning -26626: HTTP Status-Code=404 (Not Found) for "http://advantageonlineshopping.com/app/views/css/images/Special-offer.jpg"  	[MsgId: MWAR-26626]
Action.c(115): web_url("home-page.html") highest severity level was "warning", 5740 body bytes, 987 header bytes, 24 chunking overhead bytes  	[MsgId: MMSG-26387]
Action.c(124): Notify: Transaction "Ex7_TR00_Launch" ended with a "Pass" status (Duration: 4.2439 Wasted Time: 0.1961).
Action.c(129): Notify: Transaction "Ex7_TR01_ClickSpeakers" started.
Action.c(131): web_reg_find started  	[MsgId: MMSG-26355]
Action.c(131): Registering web_reg_find was successful  	[MsgId: MMSG-26390]
Action.c(134): web_url("products") started  	[MsgId: MMSG-26355]
Action.c(134): Registered web_reg_find successful for "Text=SPEAKERS" (count=1)  	[MsgId: MMSG-26364]
Action.c(134): web_url("products") was successful, 1985 body bytes, 342 header bytes, 17 chunking overhead bytes  	[MsgId: MMSG-26385]
Action.c(143): web_url("attributes") started  	[MsgId: MMSG-26355]
Action.c(143): web_url("attributes") was successful, 552 body bytes, 342 header bytes, 12 chunking overhead bytes  	[MsgId: MMSG-26385]
Action.c(152): web_url("category-page.html") started  	[MsgId: MMSG-26355]
Action.c(152): web_url("category-page.html") was successful, 741 body bytes, 328 header bytes, 12 chunking overhead bytes  	[MsgId: MMSG-26385]
Action.c(161): Notify: Transaction "Ex7_TR01_ClickSpeakers" ended with a "Pass" status (Duration: 1.2767 Wasted Time: 0.0098).
Action.c(166): Notify: Transaction "Ex7_TR02_BoseSoundLinkBluetoothSpeaker" started.
Action.c(169): web_url("all_data") started  	[MsgId: MMSG-26355]
Action.c(169): web_url("all_data") was successful, 9960 body bytes, 342 header bytes, 13 chunking overhead bytes  	[MsgId: MMSG-26385]
Action.c(178): web_url("20") started  	[MsgId: MMSG-26355]
Action.c(178): web_url("20") was successful, 580 body bytes, 342 header bytes, 17 chunking overhead bytes  	[MsgId: MMSG-26385]
Action.c(187): web_url("product-page.html") started  	[MsgId: MMSG-26355]
Action.c(187): Found resource "http://advantageonlineshopping.com/css/images/review_right.png" in HTML "http://advantageonlineshopping.com/app/views/product-page.html"  	[MsgId: MMSG-26659]
Action.c(187): Found resource "http://advantageonlineshopping.com/css/images/reviewUser.png" in HTML "http://advantageonlineshopping.com/app/views/product-page.html"  	[MsgId: MMSG-26659]
Action.c(187): Found resource "http://advantageonlineshopping.com/css/images/review_Left_disabled.png" in HTML "http://advantageonlineshopping.com/app/views/product-page.html"  	[MsgId: MMSG-26659]
Action.c(187): web_url("product-page.html") was successful, 6064 body bytes, 1348 header bytes, 12 chunking overhead bytes  	[MsgId: MMSG-26385]
Action.c(195): Notify: Transaction "Ex7_TR02_BoseSoundLinkBluetoothSpeaker" ended with a "Pass" status (Duration: 1.8303 Wasted Time: 0.0104).
Ending action Action.
Ending iteration 1.
Ending Vuser...
Starting action vuser_end.
Ending action vuser_end.
Vuser Terminated.
