Action.c(13): Downloading resource "http://advantageonlineshopping.com/css/images/Popular-item1.jpg" (specified by argument number 59)  	[MsgId: MMSG-26576]
Action.c(13): Downloading resource "http://advantageonlineshopping.com/css/images/Popular-item3.jpg" (specified by argument number 61)  	[MsgId: MMSG-26576]
Action.c(13): Downloading resource "http://advantageonlineshopping.com/css/images/Banner3.jpg" (specified by argument number 63)  	[MsgId: MMSG-26576]
Action.c(13): Downloading resource "http://advantageonlineshopping.com/css/images/Banner2.jpg" (specified by argument number 65)  	[MsgId: MMSG-26576]
Action.c(13): Downloading resource "http://advantageonlineshopping.com/css/images/category_banner_4.png" (specified by argument number 67)  	[MsgId: MMSG-26576]
Action.c(13): Downloading resource "http://advantageonlineshopping.com/css/images/Filter.png" (specified by argument number 69)  	[MsgId: MMSG-26576]
Action.c(13): Downloading resource "http://advantageonlineshopping.com/catalog/fetchImage?image_id=4700" (specified by argument number 71)  	[MsgId: MMSG-26576]
Action.c(13): Downloading resource "http://advantageonlineshopping.com/catalog/fetchImage?image_id=4600" (specified by argument number 73)  	[MsgId: MMSG-26576]
Action.c(13): Downloading resource "http://advantageonlineshopping.com/catalog/fetchImage?image_id=4400" (specified by argument number 75)  	[MsgId: MMSG-26576]
Action.c(13): Downloading resource "http://advantageonlineshopping.com/catalog/fetchImage?image_id=4200" (specified by argument number 77)  	[MsgId: MMSG-26576]
Action.c(13): Downloading resource "http://advantageonlineshopping.com/catalog/fetchImage?image_id=4300" (specified by argument number 79)  	[MsgId: MMSG-26576]
Action.c(13): Downloading resource "http://advantageonlineshopping.com/catalog/fetchImage?image_id=4100" (specified by argument number 81)  	[MsgId: MMSG-26576]
Action.c(13): Downloading resource "http://advantageonlineshopping.com/catalog/fetchImage?image_id=4500" (specified by argument number 83)  	[MsgId: MMSG-26576]
Action.c(13): Found resource "http://advantageonlineshopping.com/css/images/Down_arrow.svg" in HTML "http://advantageonlineshopping.com/"  	[MsgId: MMSG-26659]
Action.c(13): Found resource "http://advantageonlineshopping.com/vendor/requirejs/require.js" in HTML "http://advantageonlineshopping.com/"  	[MsgId: MMSG-26659]
Starting iteration 35.	[MsgId: MMSG-15968]
Notify: Next row for parameter URL = 1 [table  = URL].	[MsgId: MMSG-13876]
Notify: Getting new value for parameter 'URL': table = 'URL.dat' column = '0' row = '1'.	[MsgId: MMSG-13877]
Starting action Action.	[MsgId: MMSG-15919]
Action.c(4): web_set_sockets_option started  	[MsgId: MMSG-26355]
Action.c(4): web_set_sockets_option was successful  	[MsgId: MMSG-26392]
Action.c(6): web_add_auto_header("Accept-Language") started  	[MsgId: MMSG-26355]
Action.c(6): web_add_auto_header("Accept-Language") was successful  	[MsgId: MMSG-26392]
Action.c(9): web_add_cookie started  	[MsgId: MMSG-26355]
Action.c(9): web_add_cookie was successful  	[MsgId: MMSG-26392]
Action.c(13): web_url("{URL}") started  	[MsgId: MMSG-26355]
Action.c(13): Notify: Parameter Substitution: parameter "URL" =  "advantageonlineshopping.com"	[MsgId: MMSG-13992]
Action.c(13): Notify: Parameter Substitution: parameter "URL" =  "advantageonlineshopping.com"	[MsgId: MMSG-13992]
Action.c(13): Notify: Parameter Substitution: parameter "URL" =  "advantageonlineshopping.com"	[MsgId: MMSG-13992]
Action.c(13): Notify: Parameter Substitution: parameter "URL" =  "advantageonlineshopping.com"	[MsgId: MMSG-13992]
Action.c(13): Notify: Parameter Substitution: parameter "URL" =  "advantageonlineshopping.com"	[MsgId: MMSG-13992]
Action.c(13): Notify: Parameter Substitution: parameter "URL" =  "advantageonlineshopping.com"	[MsgId: MMSG-13992]
Action.c(13): Notify: Parameter Substitution: parameter "URL" =  "advantageonlineshopping.com"	[MsgId: MMSG-13992]
Action.c(13): Found resource "http://advantageonlineshopping.com/css/main.min.css" in HTML "http://advantageonlineshopping.com/"  	[MsgId: MMSG-26659]
Action.c(13): Found resource "https://www.googletagmanager.com/gtag/js?id=G-TBPYED8WSW" in HTML "http://advantageonlineshopping.com/"  	[MsgId: MMSG-26659]
Action.c(13): Downloading resource "http://advantageonlineshopping.com/main.min.js" (specified by argument number 9)  	[MsgId: MMSG-26576]
Action.c(13): Downloading resource "http://advantageonlineshopping.com/services.properties" (specified by argument number 11)  	[MsgId: MMSG-26576]
Action.c(13): Downloading resource "http://advantageonlineshopping.com/css/images/closeDark.png" (specified by argument number 13)  	[MsgId: MMSG-26576]
Action.c(13): Downloading resource "http://advantageonlineshopping.com/css/images/logo.png" (specified by argument number 15)  	[MsgId: MMSG-26576]
Action.c(13): Downloading resource "http://advantageonlineshopping.com/css/fonts/roboto_medium_macroman/Roboto-Medium-webfont.woff" (specified by argument number 17)  	[MsgId: MMSG-26576]
Action.c(13): Downloading resource "http://advantageonlineshopping.com/css/fonts/roboto_light_macroman/Roboto-Light-webfont.woff" (specified by argument number 20)  	[MsgId: MMSG-26576]
Action.c(13): Downloading resource "http://advantageonlineshopping.com/css/fonts/roboto_regular_macroman/Roboto-Regular-webfont.woff" (specified by argument number 23)  	[MsgId: MMSG-26576]
Action.c(13): Downloading resource "http://advantageonlineshopping.com/css/images/arrow_right.png" (specified by argument number 26)  	[MsgId: MMSG-26576]
Action.c(13): Downloading resource "http://advantageonlineshopping.com/css/images/Special-offer.jpg" (specified by argument number 29)  	[MsgId: MMSG-26576]
Action.c(13): Downloading resource "http://advantageonlineshopping.com/catalog/fetchImage?image_id=mice" (specified by argument number 31)  	[MsgId: MMSG-26576]
Action.c(13): Downloading resource "http://advantageonlineshopping.com/catalog/fetchImage?image_id=headphones" (specified by argument number 33)  	[MsgId: MMSG-26576]
Action.c(13): Downloading resource "http://advantageonlineshopping.com/catalog/fetchImage?image_id=tablets" (specified by argument number 35)  	[MsgId: MMSG-26576]
Action.c(13): Downloading resource "http://advantageonlineshopping.com/catalog/fetchImage?image_id=laptops" (specified by argument number 37)  	[MsgId: MMSG-26576]
Action.c(13): Downloading resource "http://advantageonlineshopping.com/catalog/fetchImage?image_id=speakers" (specified by argument number 39)  	[MsgId: MMSG-26576]
Action.c(13): Downloading resource "http://advantageonlineshopping.com/css/fonts/roboto_bold_macroman/Roboto-Bold-webfont.woff" (specified by argument number 41)  	[MsgId: MMSG-26576]
Action.c(13): Downloading resource "http://advantageonlineshopping.com/css/images/linkedin.png" (specified by argument number 44)  	[MsgId: MMSG-26576]
Action.c(13): Downloading resource "http://advantageonlineshopping.com/css/images/facebook.png" (specified by argument number 46)  	[MsgId: MMSG-26576]
Action.c(13): Downloading resource "http://advantageonlineshopping.com/css/images/twitter.png" (specified by argument number 48)  	[MsgId: MMSG-26576]
Action.c(13): Downloading resource "http://advantageonlineshopping.com/css/images/GoUp.png" (specified by argument number 50)  	[MsgId: MMSG-26576]
Action.c(13): Downloading resource "http://advantageonlineshopping.com/css/fonts/roboto_thin_macroman/Roboto-Thin-webfont.woff" (specified by argument number 52)  	[MsgId: MMSG-26576]
Action.c(13): Downloading resource "http://advantageonlineshopping.com/css/images/Banner1.jpg" (specified by argument number 55)  	[MsgId: MMSG-26576]
Action.c(13): Downloading resource "http://advantageonlineshopping.com/css/images/Popular-item2.jpg" (specified by argument number 57)  	[MsgId: MMSG-26576]
Action.c(13): Downloading resource "http://advantageonlineshopping.com/css/images/Popular-item1.jpg" (specified by argument number 59)  	[MsgId: MMSG-26576]
Action.c(13): Downloading resource "http://advantageonlineshopping.com/css/images/Popular-item3.jpg" (specified by argument number 61)  	[MsgId: MMSG-26576]
Action.c(13): Downloading resource "http://advantageonlineshopping.com/css/images/Banner3.jpg" (specified by argument number 63)  	[MsgId: MMSG-26576]
Action.c(13): Downloading resource "http://advantageonlineshopping.com/css/images/Banner2.jpg" (specified by argument number 65)  	[MsgId: MMSG-26576]
Action.c(13): Downloading resource "http://advantageonlineshopping.com/css/images/category_banner_4.png" (specified by argument number 67)  	[MsgId: MMSG-26576]
Action.c(13): Downloading resource "http://advantageonlineshopping.com/css/images/Filter.png" (specified by argument number 69)  	[MsgId: MMSG-26576]
Action.c(13): Downloading resource "http://advantageonlineshopping.com/catalog/fetchImage?image_id=4700" (specified by argument number 71)  	[MsgId: MMSG-26576]
Action.c(13): Downloading resource "http://advantageonlineshopping.com/catalog/fetchImage?image_id=4600" (specified by argument number 73)  	[MsgId: MMSG-26576]
Action.c(13): Downloading resource "http://advantageonlineshopping.com/catalog/fetchImage?image_id=4400" (specified by argument number 75)  	[MsgId: MMSG-26576]
Action.c(13): Downloading resource "http://advantageonlineshopping.com/catalog/fetchImage?image_id=4200" (specified by argument number 77)  	[MsgId: MMSG-26576]
Action.c(13): Downloading resource "http://advantageonlineshopping.com/catalog/fetchImage?image_id=4300" (specified by argument number 79)  	[MsgId: MMSG-26576]
Action.c(13): Downloading resource "http://advantageonlineshopping.com/catalog/fetchImage?image_id=4100" (specified by argument number 81)  	[MsgId: MMSG-26576]
Action.c(13): Downloading resource "http://advantageonlineshopping.com/catalog/fetchImage?image_id=4500" (specified by argument number 83)  	[MsgId: MMSG-26576]
Action.c(13): Found resource "http://advantageonlineshopping.com/css/images/Down_arrow.svg" in HTML "http://advantageonlineshopping.com/"  	[MsgId: MMSG-26659]
Action.c(13): Found resource "http://advantageonlineshopping.com/vendor/requirejs/require.js" in HTML "http://advantageonlineshopping.com/"  	[MsgId: MMSG-26659]
Action.c(13): web_url("{URL}") was successful, 2749401 body bytes, 13555 header bytes, 1218 chunking overhead bytes  	[MsgId: MMSG-26385]
Action.c(58): web_url("ALL") started  	[MsgId: MMSG-26355]
Action.c(58): Notify: Parameter Substitution: parameter "URL" =  "advantageonlineshopping.com"	[MsgId: MMSG-13992]
Action.c(58): Notify: Parameter Substitution: parameter "URL" =  "advantageonlineshopping.com"	[MsgId: MMSG-13992]
Action.c(58): web_url("ALL") was successful, 6541 body bytes, 342 header bytes, 18 chunking overhead bytes  	[MsgId: MMSG-26385]
Action.c(67): web_custom_request("GetAccountConfigurationRequest") started  	[MsgId: MMSG-26355]
Action.c(67): Notify: Parameter Substitution: parameter "URL" =  "advantageonlineshopping.com"	[MsgId: MMSG-13992]
Action.c(67): Notify: Parameter Substitution: parameter "URL" =  "advantageonlineshopping.com"	[MsgId: MMSG-13992]
Action.c(13): web_url("{URL}") was successful, 2747024 body bytes, 13555 header bytes, 1127 chunking overhead bytes  	[MsgId: MMSG-26385]
Action.c(58): web_url("ALL") started  	[MsgId: MMSG-26355]
Action.c(58): Notify: Parameter Substitution: parameter "URL" =  "advantageonlineshopping.com"	[MsgId: MMSG-13992]
Action.c(58): Notify: Parameter Substitution: parameter "URL" =  "advantageonlineshopping.com"	[MsgId: MMSG-13992]
Action.c(67): web_custom_request("GetAccountConfigurationRequest") was successful, 2 body bytes, 555 header bytes, 10 chunking overhead bytes  	[MsgId: MMSG-26385]
Action.c(76): web_custom_request("GetAccountConfigurationRequest_2") started  	[MsgId: MMSG-26355]
Action.c(76): Notify: Parameter Substitution: parameter "URL" =  "advantageonlineshopping.com"	[MsgId: MMSG-13992]
Action.c(76): Notify: Parameter Substitution: parameter "URL" =  "advantageonlineshopping.com"	[MsgId: MMSG-13992]
Action.c(58): web_url("ALL") was successful, 6541 body bytes, 342 header bytes, 18 chunking overhead bytes  	[MsgId: MMSG-26385]
Action.c(67): web_custom_request("GetAccountConfigurationRequest") started  	[MsgId: MMSG-26355]
Action.c(67): Notify: Parameter Substitution: parameter "URL" =  "advantageonlineshopping.com"	[MsgId: MMSG-13992]
Action.c(67): Notify: Parameter Substitution: parameter "URL" =  "advantageonlineshopping.com"	[MsgId: MMSG-13992]
Action.c(76): web_custom_request("GetAccountConfigurationRequest_2") was successful, 823 body bytes, 674 header bytes  	[MsgId: MMSG-26386]
Action.c(88): web_url("categories") started  	[MsgId: MMSG-26355]
Action.c(88): Notify: Parameter Substitution: parameter "URL" =  "advantageonlineshopping.com"	[MsgId: MMSG-13992]
Action.c(88): Notify: Parameter Substitution: parameter "URL" =  "advantageonlineshopping.com"	[MsgId: MMSG-13992]
Action.c(67): web_custom_request("GetAccountConfigurationRequest") was successful, 2 body bytes, 555 header bytes, 10 chunking overhead bytes  	[MsgId: MMSG-26385]
Action.c(76): web_custom_request("GetAccountConfigurationRequest_2") started  	[MsgId: MMSG-26355]
Action.c(76): Notify: Parameter Substitution: parameter "URL" =  "advantageonlineshopping.com"	[MsgId: MMSG-13992]
Action.c(76): Notify: Parameter Substitution: parameter "URL" =  "advantageonlineshopping.com"	[MsgId: MMSG-13992]
Action.c(76): web_custom_request("GetAccountConfigurationRequest_2") was successful, 823 body bytes, 674 header bytes  	[MsgId: MMSG-26386]
Action.c(88): web_url("categories") started  	[MsgId: MMSG-26355]
Action.c(88): Notify: Parameter Substitution: parameter "URL" =  "advantageonlineshopping.com"	[MsgId: MMSG-13992]
Action.c(88): Notify: Parameter Substitution: parameter "URL" =  "advantageonlineshopping.com"	[MsgId: MMSG-13992]
Action.c(166): Notify: Transaction "Ex7_TR02_BoseSoundLinkBluetoothSpeaker" started.	[MsgId: MMSG-16999]
Action.c(169): web_url("all_data") started  	[MsgId: MMSG-26355]
Action.c(169): Notify: Parameter Substitution: parameter "URL" =  "advantageonlineshopping.com"	[MsgId: MMSG-13992]
Action.c(169): Notify: Parameter Substitution: parameter "URL" =  "advantageonlineshopping.com"	[MsgId: MMSG-13992]
Action.c(88): web_url("categories") was successful, 5639 body bytes, 342 header bytes, 18 chunking overhead bytes  	[MsgId: MMSG-26385]
Action.c(97): web_url("search") started  	[MsgId: MMSG-26355]
Action.c(97): Notify: Parameter Substitution: parameter "URL" =  "advantageonlineshopping.com"	[MsgId: MMSG-13992]
Action.c(97): Notify: Parameter Substitution: parameter "URL" =  "advantageonlineshopping.com"	[MsgId: MMSG-13992]
Action.c(88): web_url("categories") was successful, 5660 body bytes, 342 header bytes, 18 chunking overhead bytes  	[MsgId: MMSG-26385]
Action.c(97): web_url("search") started  	[MsgId: MMSG-26355]
Action.c(97): Notify: Parameter Substitution: parameter "URL" =  "advantageonlineshopping.com"	[MsgId: MMSG-13992]
Action.c(97): Notify: Parameter Substitution: parameter "URL" =  "advantageonlineshopping.com"	[MsgId: MMSG-13992]
Action.c(97): web_url("search") was successful, 351 body bytes, 342 header bytes, 17 chunking overhead bytes  	[MsgId: MMSG-26385]
Action.c(106): web_url("popularProducts.json") started  	[MsgId: MMSG-26355]
Action.c(106): Notify: Parameter Substitution: parameter "URL" =  "advantageonlineshopping.com"	[MsgId: MMSG-13992]
Action.c(106): Notify: Parameter Substitution: parameter "URL" =  "advantageonlineshopping.com"	[MsgId: MMSG-13992]
Action.c(169): web_url("all_data") was successful, 11384 body bytes, 342 header bytes, 25 chunking overhead bytes  	[MsgId: MMSG-26385]
Action.c(178): web_url("20") started  	[MsgId: MMSG-26355]
Action.c(178): Notify: Parameter Substitution: parameter "URL" =  "advantageonlineshopping.com"	[MsgId: MMSG-13992]
Action.c(178): Notify: Parameter Substitution: parameter "URL" =  "advantageonlineshopping.com"	[MsgId: MMSG-13992]
Action.c(106): web_url("popularProducts.json") was successful, 500 body bytes, 380 header bytes, 12 chunking overhead bytes  	[MsgId: MMSG-26385]
Action.c(115): web_url("home-page.html") started  	[MsgId: MMSG-26355]
Action.c(115): Notify: Parameter Substitution: parameter "URL" =  "advantageonlineshopping.com"	[MsgId: MMSG-13992]
Action.c(115): Notify: Parameter Substitution: parameter "URL" =  "advantageonlineshopping.com"	[MsgId: MMSG-13992]
Action.c(97): web_url("search") was successful, 351 body bytes, 342 header bytes, 17 chunking overhead bytes  	[MsgId: MMSG-26385]
Action.c(106): web_url("popularProducts.json") started  	[MsgId: MMSG-26355]
Action.c(106): Notify: Parameter Substitution: parameter "URL" =  "advantageonlineshopping.com"	[MsgId: MMSG-13992]
Action.c(106): Notify: Parameter Substitution: parameter "URL" =  "advantageonlineshopping.com"	[MsgId: MMSG-13992]
Action.c(115): Found resource "http://advantageonlineshopping.com/app/views/css/images/Special-offer.jpg" in HTML "http://advantageonlineshopping.com/app/views/home-page.html"  	[MsgId: MMSG-26659]
Action.c(115): Found resource "http://advantageonlineshopping.com/css/images/chat_logo.png" in HTML "http://advantageonlineshopping.com/app/views/home-page.html"  	[MsgId: MMSG-26659]
Action.c(106): web_url("popularProducts.json") was successful, 500 body bytes, 380 header bytes, 12 chunking overhead bytes  	[MsgId: MMSG-26385]
Action.c(115): web_url("home-page.html") started  	[MsgId: MMSG-26355]
Action.c(115): Notify: Parameter Substitution: parameter "URL" =  "advantageonlineshopping.com"	[MsgId: MMSG-13992]
Action.c(115): Notify: Parameter Substitution: parameter "URL" =  "advantageonlineshopping.com"	[MsgId: MMSG-13992]
Action.c(115): Warning -26626: HTTP Status-Code=404 (Not Found) for "http://advantageonlineshopping.com/app/views/css/images/Special-offer.jpg"  	[MsgId: MWAR-26626]
Action.c(115): Found resource "http://advantageonlineshopping.com/app/views/css/images/Special-offer.jpg" in HTML "http://advantageonlineshopping.com/app/views/home-page.html"  	[MsgId: MMSG-26659]
Action.c(115): Found resource "http://advantageonlineshopping.com/css/images/chat_logo.png" in HTML "http://advantageonlineshopping.com/app/views/home-page.html"  	[MsgId: MMSG-26659]
Action.c(115): web_url("home-page.html") highest severity level was "warning", 5740 body bytes, 987 header bytes, 24 chunking overhead bytes  	[MsgId: MMSG-26387]
Action.c(127): lr_think_time: 8.42 seconds (recorded think time was 9.00 seconds).	[MsgId: MMSG-15947]
Action.c(115): Warning -26626: HTTP Status-Code=404 (Not Found) for "http://advantageonlineshopping.com/app/views/css/images/Special-offer.jpg"  	[MsgId: MWAR-26626]
Action.c(115): web_url("home-page.html") highest severity level was "warning", 5740 body bytes, 987 header bytes, 24 chunking overhead bytes  	[MsgId: MMSG-26387]
Action.c(127): lr_think_time: 6.54 seconds (recorded think time was 9.00 seconds).	[MsgId: MMSG-15947]
Action.c(178): web_url("20") was successful, 578 body bytes, 342 header bytes, 17 chunking overhead bytes  	[MsgId: MMSG-26385]
Action.c(187): web_url("product-page.html") started  	[MsgId: MMSG-26355]
Action.c(187): Notify: Parameter Substitution: parameter "URL" =  "advantageonlineshopping.com"	[MsgId: MMSG-13992]
Action.c(187): Notify: Parameter Substitution: parameter "URL" =  "advantageonlineshopping.com"	[MsgId: MMSG-13992]
Action.c(187): Found resource "http://advantageonlineshopping.com/css/images/review_right.png" in HTML "http://advantageonlineshopping.com/app/views/product-page.html"  	[MsgId: MMSG-26659]
Action.c(187): Found resource "http://advantageonlineshopping.com/css/images/reviewUser.png" in HTML "http://advantageonlineshopping.com/app/views/product-page.html"  	[MsgId: MMSG-26659]
Action.c(187): Found resource "http://advantageonlineshopping.com/css/images/review_Left_disabled.png" in HTML "http://advantageonlineshopping.com/app/views/product-page.html"  	[MsgId: MMSG-26659]
Action.c(187): web_url("product-page.html") was successful, 6064 body bytes, 1348 header bytes, 12 chunking overhead bytes  	[MsgId: MMSG-26385]
Action.c(195): Notify: Transaction "Ex7_TR02_BoseSoundLinkBluetoothSpeaker" ended with a "Pass" status (Duration: 2.8202).	[MsgId: MMSG-16873]
Ending action Action.	[MsgId: MMSG-15918]
Ending iteration 33.	[MsgId: MMSG-15965]
Waiting 23.3870 seconds for iteration pacing.	[MsgId: MMSG-15996]
Action was aborted.	[MsgId: MMSG-10694]
Ending Vuser...	[MsgId: MMSG-15966]
Starting action vuser_end.	[MsgId: MMSG-15919]
Ending action vuser_end.	[MsgId: MMSG-15918]
Vuser Terminated.	[MsgId: MMSG-15963]
Vuser 6 (thread 8000), ended OK."	[MsgId: MMSG-10695]
Action.c(129): Notify: Transaction "Ex7_TR01_ClickSpeakers" started.	[MsgId: MMSG-16999]
Action.c(131): web_reg_find started  	[MsgId: MMSG-26355]
Action.c(131): Registering web_reg_find was successful  	[MsgId: MMSG-26390]
Action.c(134): web_url("products") started  	[MsgId: MMSG-26355]
Action.c(134): Notify: Parameter Substitution: parameter "URL" =  "advantageonlineshopping.com"	[MsgId: MMSG-13992]
Action.c(134): Notify: Parameter Substitution: parameter "URL" =  "advantageonlineshopping.com"	[MsgId: MMSG-13992]
Action.c(134): Registered web_reg_find successful for "Text=SPEAKERS" (count=1)  	[MsgId: MMSG-26364]
Action.c(134): web_url("products") was successful, 1972 body bytes, 342 header bytes, 17 chunking overhead bytes  	[MsgId: MMSG-26385]
Action.c(143): web_url("attributes") started  	[MsgId: MMSG-26355]
Action.c(143): Notify: Parameter Substitution: parameter "URL" =  "advantageonlineshopping.com"	[MsgId: MMSG-13992]
Action.c(143): Notify: Parameter Substitution: parameter "URL" =  "advantageonlineshopping.com"	[MsgId: MMSG-13992]
Action.c(129): Notify: Transaction "Ex7_TR01_ClickSpeakers" started.	[MsgId: MMSG-16999]
Action.c(131): web_reg_find started  	[MsgId: MMSG-26355]
Action.c(131): Registering web_reg_find was successful  	[MsgId: MMSG-26390]
Action.c(134): web_url("products") started  	[MsgId: MMSG-26355]
Action.c(134): Notify: Parameter Substitution: parameter "URL" =  "advantageonlineshopping.com"	[MsgId: MMSG-13992]
Action.c(134): Notify: Parameter Substitution: parameter "URL" =  "advantageonlineshopping.com"	[MsgId: MMSG-13992]
Action.c(143): web_url("attributes") was successful, 552 body bytes, 342 header bytes, 17 chunking overhead bytes  	[MsgId: MMSG-26385]
Action.c(152): web_url("category-page.html") started  	[MsgId: MMSG-26355]
Action.c(152): Notify: Parameter Substitution: parameter "URL" =  "advantageonlineshopping.com"	[MsgId: MMSG-13992]
Action.c(152): Notify: Parameter Substitution: parameter "URL" =  "advantageonlineshopping.com"	[MsgId: MMSG-13992]
Action.c(152): web_url("category-page.html") was successful, 741 body bytes, 328 header bytes, 12 chunking overhead bytes  	[MsgId: MMSG-26385]
Action.c(161): Notify: Transaction "Ex7_TR01_ClickSpeakers" ended with a "Pass" status (Duration: 2.0290 Wasted Time: 0.0000).	[MsgId: MMSG-16871]
Action.c(164): lr_think_time: 12.68 seconds (recorded think time was 10.00 seconds).	[MsgId: MMSG-15947]
Action.c(134): Registered web_reg_find successful for "Text=SPEAKERS" (count=1)  	[MsgId: MMSG-26364]
Action.c(134): web_url("products") was successful, 1975 body bytes, 342 header bytes, 17 chunking overhead bytes  	[MsgId: MMSG-26385]
Action.c(143): web_url("attributes") started  	[MsgId: MMSG-26355]
Action.c(143): Notify: Parameter Substitution: parameter "URL" =  "advantageonlineshopping.com"	[MsgId: MMSG-13992]
Action.c(143): Notify: Parameter Substitution: parameter "URL" =  "advantageonlineshopping.com"	[MsgId: MMSG-13992]
Action.c(143): web_url("attributes") was successful, 552 body bytes, 342 header bytes, 17 chunking overhead bytes  	[MsgId: MMSG-26385]
Action.c(152): web_url("category-page.html") started  	[MsgId: MMSG-26355]
Action.c(152): Notify: Parameter Substitution: parameter "URL" =  "advantageonlineshopping.com"	[MsgId: MMSG-13992]
Action.c(152): Notify: Parameter Substitution: parameter "URL" =  "advantageonlineshopping.com"	[MsgId: MMSG-13992]
Action.c(152): web_url("category-page.html") was successful, 741 body bytes, 328 header bytes, 12 chunking overhead bytes  	[MsgId: MMSG-26385]
Action.c(161): Notify: Transaction "Ex7_TR01_ClickSpeakers" ended with a "Pass" status (Duration: 2.2053 Wasted Time: 0.0000).	[MsgId: MMSG-16871]
Action.c(164): lr_think_time: 7.66 seconds (recorded think time was 10.00 seconds).	[MsgId: MMSG-15947]
Action.c(166): Notify: Transaction "Ex7_TR02_BoseSoundLinkBluetoothSpeaker" started.	[MsgId: MMSG-16999]
Action.c(169): web_url("all_data") started  	[MsgId: MMSG-26355]
Action.c(169): Notify: Parameter Substitution: parameter "URL" =  "advantageonlineshopping.com"	[MsgId: MMSG-13992]
Action.c(169): Notify: Parameter Substitution: parameter "URL" =  "advantageonlineshopping.com"	[MsgId: MMSG-13992]
Action.c(169): web_url("all_data") was successful, 11352 body bytes, 342 header bytes, 25 chunking overhead bytes  	[MsgId: MMSG-26385]
Action.c(178): web_url("20") started  	[MsgId: MMSG-26355]
Action.c(178): Notify: Parameter Substitution: parameter "URL" =  "advantageonlineshopping.com"	[MsgId: MMSG-13992]
Action.c(178): Notify: Parameter Substitution: parameter "URL" =  "advantageonlineshopping.com"	[MsgId: MMSG-13992]
Action.c(178): web_url("20") was successful, 579 body bytes, 342 header bytes, 17 chunking overhead bytes  	[MsgId: MMSG-26385]
Action.c(187): web_url("product-page.html") started  	[MsgId: MMSG-26355]
Action.c(187): Notify: Parameter Substitution: parameter "URL" =  "advantageonlineshopping.com"	[MsgId: MMSG-13992]
Action.c(187): Notify: Parameter Substitution: parameter "URL" =  "advantageonlineshopping.com"	[MsgId: MMSG-13992]
Action.c(187): Found resource "http://advantageonlineshopping.com/css/images/review_right.png" in HTML "http://advantageonlineshopping.com/app/views/product-page.html"  	[MsgId: MMSG-26659]
Action.c(187): Found resource "http://advantageonlineshopping.com/css/images/reviewUser.png" in HTML "http://advantageonlineshopping.com/app/views/product-page.html"  	[MsgId: MMSG-26659]
Action.c(187): Found resource "http://advantageonlineshopping.com/css/images/review_Left_disabled.png" in HTML "http://advantageonlineshopping.com/app/views/product-page.html"  	[MsgId: MMSG-26659]
Action.c(187): web_url("product-page.html") was successful, 6064 body bytes, 1348 header bytes, 12 chunking overhead bytes  	[MsgId: MMSG-26385]
Action.c(195): Notify: Transaction "Ex7_TR02_BoseSoundLinkBluetoothSpeaker" ended with a "Pass" status (Duration: 3.0461).	[MsgId: MMSG-16873]
Ending action Action.	[MsgId: MMSG-15918]
Ending iteration 35.	[MsgId: MMSG-15965]
Waiting 22.5900 seconds for iteration pacing.	[MsgId: MMSG-15996]
Action.c(166): Notify: Transaction "Ex7_TR02_BoseSoundLinkBluetoothSpeaker" started.	[MsgId: MMSG-16999]
Action.c(169): web_url("all_data") started  	[MsgId: MMSG-26355]
Action.c(169): Notify: Parameter Substitution: parameter "URL" =  "advantageonlineshopping.com"	[MsgId: MMSG-13992]
Action.c(169): Notify: Parameter Substitution: parameter "URL" =  "advantageonlineshopping.com"	[MsgId: MMSG-13992]
Action.c(169): web_url("all_data") was successful, 11360 body bytes, 342 header bytes, 25 chunking overhead bytes  	[MsgId: MMSG-26385]
Action.c(178): web_url("20") started  	[MsgId: MMSG-26355]
Action.c(178): Notify: Parameter Substitution: parameter "URL" =  "advantageonlineshopping.com"	[MsgId: MMSG-13992]
Action.c(178): Notify: Parameter Substitution: parameter "URL" =  "advantageonlineshopping.com"	[MsgId: MMSG-13992]
Action.c(178): web_url("20") was successful, 579 body bytes, 342 header bytes, 17 chunking overhead bytes  	[MsgId: MMSG-26385]
Action.c(187): web_url("product-page.html") started  	[MsgId: MMSG-26355]
Action.c(187): Notify: Parameter Substitution: parameter "URL" =  "advantageonlineshopping.com"	[MsgId: MMSG-13992]
Action.c(187): Notify: Parameter Substitution: parameter "URL" =  "advantageonlineshopping.com"	[MsgId: MMSG-13992]
Action.c(187): Found resource "http://advantageonlineshopping.com/css/images/review_right.png" in HTML "http://advantageonlineshopping.com/app/views/product-page.html"  	[MsgId: MMSG-26659]
Action.c(187): Found resource "http://advantageonlineshopping.com/css/images/reviewUser.png" in HTML "http://advantageonlineshopping.com/app/views/product-page.html"  	[MsgId: MMSG-26659]
Action.c(187): Found resource "http://advantageonlineshopping.com/css/images/review_Left_disabled.png" in HTML "http://advantageonlineshopping.com/app/views/product-page.html"  	[MsgId: MMSG-26659]
Starting iteration 34.	[MsgId: MMSG-15968]
Notify: Next row for parameter URL = 2 [table  = URL].	[MsgId: MMSG-13876]
Notify: Getting new value for parameter 'URL': table = 'URL.dat' column = '0' row = '2'.	[MsgId: MMSG-13877]
Starting action Action.	[MsgId: MMSG-15919]
Action.c(4): web_set_sockets_option started  	[MsgId: MMSG-26355]
Action.c(4): web_set_sockets_option was successful  	[MsgId: MMSG-26392]
Action.c(6): web_add_auto_header("Accept-Language") started  	[MsgId: MMSG-26355]
Action.c(6): web_add_auto_header("Accept-Language") was successful  	[MsgId: MMSG-26392]
Action.c(9): web_add_cookie started  	[MsgId: MMSG-26355]
Action.c(9): web_add_cookie was successful  	[MsgId: MMSG-26392]
Action.c(13): web_url("{URL}") started  	[MsgId: MMSG-26355]
Action.c(13): Notify: Parameter Substitution: parameter "URL" =  "nimbusserver.aos.com:8000"	[MsgId: MMSG-13992]
Action.c(13): Notify: Parameter Substitution: parameter "URL" =  "nimbusserver.aos.com:8000"	[MsgId: MMSG-13992]
Action.c(13): Notify: Parameter Substitution: parameter "URL" =  "nimbusserver.aos.com:8000"	[MsgId: MMSG-13992]
Action.c(13): Notify: Parameter Substitution: parameter "URL" =  "nimbusserver.aos.com:8000"	[MsgId: MMSG-13992]
Action.c(13): Notify: Parameter Substitution: parameter "URL" =  "nimbusserver.aos.com:8000"	[MsgId: MMSG-13992]
Action.c(13): Notify: Parameter Substitution: parameter "URL" =  "nimbusserver.aos.com:8000"	[MsgId: MMSG-13992]
Action.c(13): Notify: Parameter Substitution: parameter "URL" =  "nimbusserver.aos.com:8000"	[MsgId: MMSG-13992]
Action.c(13): Error -27794: Could not resolve address of host nimbusserver.aos.com  	[MsgId: MERR-27794]
Action.c(13): Warning -26200: At least one of the resources specified by EXTRARES has not been downloaded due to the above error(s)  	[MsgId: MWAR-26200]
Action.c(13): web_url("{URL}") highest severity level was "ERROR", 0 body bytes, 0 header bytes  	[MsgId: MMSG-26388]
Ending action Action.	[MsgId: MMSG-15918]
Ending iteration 34.	[MsgId: MMSG-15965]
Waiting 17.8560 seconds for iteration pacing.	[MsgId: MMSG-15996]
Action.c(187): web_url("product-page.html") was successful, 6064 body bytes, 1348 header bytes, 12 chunking overhead bytes  	[MsgId: MMSG-26385]
Action.c(195): Notify: Transaction "Ex7_TR02_BoseSoundLinkBluetoothSpeaker" ended with a "Pass" status (Duration: 2.8479).	[MsgId: MMSG-16873]
Ending action Action.	[MsgId: MMSG-15918]
Ending iteration 35.	[MsgId: MMSG-15965]
Waiting 25.6040 seconds for iteration pacing.	[MsgId: MMSG-15996]
Starting iteration 35.	[MsgId: MMSG-15968]
Notify: Next row for parameter URL = 1 [table  = URL].	[MsgId: MMSG-13876]
Notify: Getting new value for parameter 'URL': table = 'URL.dat' column = '0' row = '1'.	[MsgId: MMSG-13877]
Starting action Action.	[MsgId: MMSG-15919]
Action.c(4): web_set_sockets_option started  	[MsgId: MMSG-26355]
Action.c(4): web_set_sockets_option was successful  	[MsgId: MMSG-26392]
Action.c(6): web_add_auto_header("Accept-Language") started  	[MsgId: MMSG-26355]
Action.c(6): web_add_auto_header("Accept-Language") was successful  	[MsgId: MMSG-26392]
Action.c(9): web_add_cookie started  	[MsgId: MMSG-26355]
Action.c(9): web_add_cookie was successful  	[MsgId: MMSG-26392]
Action.c(13): web_url("{URL}") started  	[MsgId: MMSG-26355]
Action.c(13): Notify: Parameter Substitution: parameter "URL" =  "advantageonlineshopping.com"	[MsgId: MMSG-13992]
Action.c(13): Notify: Parameter Substitution: parameter "URL" =  "advantageonlineshopping.com"	[MsgId: MMSG-13992]
Action.c(13): Notify: Parameter Substitution: parameter "URL" =  "advantageonlineshopping.com"	[MsgId: MMSG-13992]
Action.c(13): Notify: Parameter Substitution: parameter "URL" =  "advantageonlineshopping.com"	[MsgId: MMSG-13992]
Action.c(13): Notify: Parameter Substitution: parameter "URL" =  "advantageonlineshopping.com"	[MsgId: MMSG-13992]
Action.c(13): Notify: Parameter Substitution: parameter "URL" =  "advantageonlineshopping.com"	[MsgId: MMSG-13992]
Action.c(13): Notify: Parameter Substitution: parameter "URL" =  "advantageonlineshopping.com"	[MsgId: MMSG-13992]
Action.c(13): Found resource "http://advantageonlineshopping.com/css/main.min.css" in HTML "http://advantageonlineshopping.com/"  	[MsgId: MMSG-26659]
Action.c(13): Found resource "https://www.googletagmanager.com/gtag/js?id=G-TBPYED8WSW" in HTML "http://advantageonlineshopping.com/"  	[MsgId: MMSG-26659]
Action.c(13): Downloading resource "http://advantageonlineshopping.com/main.min.js" (specified by argument number 9)  	[MsgId: MMSG-26576]
Action.c(13): Downloading resource "http://advantageonlineshopping.com/services.properties" (specified by argument number 11)  	[MsgId: MMSG-26576]
Action.c(13): Downloading resource "http://advantageonlineshopping.com/css/images/closeDark.png" (specified by argument number 13)  	[MsgId: MMSG-26576]
Action.c(13): Downloading resource "http://advantageonlineshopping.com/css/images/logo.png" (specified by argument number 15)  	[MsgId: MMSG-26576]
Action.c(13): Downloading resource "http://advantageonlineshopping.com/css/fonts/roboto_medium_macroman/Roboto-Medium-webfont.woff" (specified by argument number 17)  	[MsgId: MMSG-26576]
Action.c(13): Downloading resource "http://advantageonlineshopping.com/css/fonts/roboto_light_macroman/Roboto-Light-webfont.woff" (specified by argument number 20)  	[MsgId: MMSG-26576]
Action.c(13): Downloading resource "http://advantageonlineshopping.com/css/fonts/roboto_regular_macroman/Roboto-Regular-webfont.woff" (specified by argument number 23)  	[MsgId: MMSG-26576]
Action.c(13): Downloading resource "http://advantageonlineshopping.com/css/images/arrow_right.png" (specified by argument number 26)  	[MsgId: MMSG-26576]
Action.c(13): Downloading resource "http://advantageonlineshopping.com/css/images/Special-offer.jpg" (specified by argument number 29)  	[MsgId: MMSG-26576]
Action.c(13): Downloading resource "http://advantageonlineshopping.com/catalog/fetchImage?image_id=mice" (specified by argument number 31)  	[MsgId: MMSG-26576]
Action.c(13): Downloading resource "http://advantageonlineshopping.com/catalog/fetchImage?image_id=headphones" (specified by argument number 33)  	[MsgId: MMSG-26576]
Action.c(13): Downloading resource "http://advantageonlineshopping.com/catalog/fetchImage?image_id=tablets" (specified by argument number 35)  	[MsgId: MMSG-26576]
Action.c(13): Downloading resource "http://advantageonlineshopping.com/catalog/fetchImage?image_id=laptops" (specified by argument number 37)  	[MsgId: MMSG-26576]
Action.c(13): Downloading resource "http://advantageonlineshopping.com/catalog/fetchImage?image_id=speakers" (specified by argument number 39)  	[MsgId: MMSG-26576]
Action.c(13): Downloading resource "http://advantageonlineshopping.com/css/fonts/roboto_bold_macroman/Roboto-Bold-webfont.woff" (specified by argument number 41)  	[MsgId: MMSG-26576]
Action.c(13): Downloading resource "http://advantageonlineshopping.com/css/images/linkedin.png" (specified by argument number 44)  	[MsgId: MMSG-26576]
Action.c(13): Downloading resource "http://advantageonlineshopping.com/css/images/facebook.png" (specified by argument number 46)  	[MsgId: MMSG-26576]
Action.c(13): Downloading resource "http://advantageonlineshopping.com/css/images/twitter.png" (specified by argument number 48)  	[MsgId: MMSG-26576]
Action.c(13): Downloading resource "http://advantageonlineshopping.com/css/images/GoUp.png" (specified by argument number 50)  	[MsgId: MMSG-26576]
Action.c(13): Downloading resource "http://advantageonlineshopping.com/css/fonts/roboto_thin_macroman/Roboto-Thin-webfont.woff" (specified by argument number 52)  	[MsgId: MMSG-26576]
Action.c(13): Downloading resource "http://advantageonlineshopping.com/css/images/Banner1.jpg" (specified by argument number 55)  	[MsgId: MMSG-26576]
Action.c(13): Downloading resource "http://advantageonlineshopping.com/css/images/Popular-item2.jpg" (specified by argument number 57)  	[MsgId: MMSG-26576]
Action.c(13): Downloading resource "http://advantageonlineshopping.com/css/images/Popular-item1.jpg" (specified by argument number 59)  	[MsgId: MMSG-26576]
Action.c(13): Downloading resource "http://advantageonlineshopping.com/css/images/Popular-item3.jpg" (specified by argument number 61)  	[MsgId: MMSG-26576]
Action.c(13): Downloading resource "http://advantageonlineshopping.com/css/images/Banner3.jpg" (specified by argument number 63)  	[MsgId: MMSG-26576]
Action.c(13): Downloading resource "http://advantageonlineshopping.com/css/images/Banner2.jpg" (specified by argument number 65)  	[MsgId: MMSG-26576]
Action.c(13): Downloading resource "http://advantageonlineshopping.com/css/images/category_banner_4.png" (specified by argument number 67)  	[MsgId: MMSG-26576]
Action.c(13): Downloading resource "http://advantageonlineshopping.com/css/images/Filter.png" (specified by argument number 69)  	[MsgId: MMSG-26576]
Action.c(13): Downloading resource "http://advantageonlineshopping.com/catalog/fetchImage?image_id=4700" (specified by argument number 71)  	[MsgId: MMSG-26576]
Action.c(13): Downloading resource "http://advantageonlineshopping.com/catalog/fetchImage?image_id=4600" (specified by argument number 73)  	[MsgId: MMSG-26576]
Action.c(13): Downloading resource "http://advantageonlineshopping.com/catalog/fetchImage?image_id=4400" (specified by argument number 75)  	[MsgId: MMSG-26576]
Action.c(13): Downloading resource "http://advantageonlineshopping.com/catalog/fetchImage?image_id=4200" (specified by argument number 77)  	[MsgId: MMSG-26576]
Action.c(13): Downloading resource "http://advantageonlineshopping.com/catalog/fetchImage?image_id=4300" (specified by argument number 79)  	[MsgId: MMSG-26576]
Action.c(13): Downloading resource "http://advantageonlineshopping.com/catalog/fetchImage?image_id=4100" (specified by argument number 81)  	[MsgId: MMSG-26576]
Action.c(13): Downloading resource "http://advantageonlineshopping.com/catalog/fetchImage?image_id=4500" (specified by argument number 83)  	[MsgId: MMSG-26576]
Action.c(13): Found resource "http://advantageonlineshopping.com/css/images/Down_arrow.svg" in HTML "http://advantageonlineshopping.com/"  	[MsgId: MMSG-26659]
Action.c(13): Found resource "http://advantageonlineshopping.com/vendor/requirejs/require.js" in HTML "http://advantageonlineshopping.com/"  	[MsgId: MMSG-26659]
Starting iteration 36.	[MsgId: MMSG-15968]
Notify: Next row for parameter URL = 2 [table  = URL].	[MsgId: MMSG-13876]
Notify: Getting new value for parameter 'URL': table = 'URL.dat' column = '0' row = '2'.	[MsgId: MMSG-13877]
Starting action Action.	[MsgId: MMSG-15919]
Action.c(4): web_set_sockets_option started  	[MsgId: MMSG-26355]
Action.c(4): web_set_sockets_option was successful  	[MsgId: MMSG-26392]
Action.c(6): web_add_auto_header("Accept-Language") started  	[MsgId: MMSG-26355]
Action.c(6): web_add_auto_header("Accept-Language") was successful  	[MsgId: MMSG-26392]
Action.c(9): web_add_cookie started  	[MsgId: MMSG-26355]
Action.c(9): web_add_cookie was successful  	[MsgId: MMSG-26392]
Action.c(13): web_url("{URL}") started  	[MsgId: MMSG-26355]
Action.c(13): Notify: Parameter Substitution: parameter "URL" =  "nimbusserver.aos.com:8000"	[MsgId: MMSG-13992]
Action.c(13): Notify: Parameter Substitution: parameter "URL" =  "nimbusserver.aos.com:8000"	[MsgId: MMSG-13992]
Action.c(13): Notify: Parameter Substitution: parameter "URL" =  "nimbusserver.aos.com:8000"	[MsgId: MMSG-13992]
Action.c(13): Notify: Parameter Substitution: parameter "URL" =  "nimbusserver.aos.com:8000"	[MsgId: MMSG-13992]
Action.c(13): Notify: Parameter Substitution: parameter "URL" =  "nimbusserver.aos.com:8000"	[MsgId: MMSG-13992]
Action.c(13): Notify: Parameter Substitution: parameter "URL" =  "nimbusserver.aos.com:8000"	[MsgId: MMSG-13992]
Action.c(13): Notify: Parameter Substitution: parameter "URL" =  "nimbusserver.aos.com:8000"	[MsgId: MMSG-13992]
Action.c(13): Error -27794: Could not resolve address of host nimbusserver.aos.com  	[MsgId: MERR-27794]
Action.c(13): Warning -26200: At least one of the resources specified by EXTRARES has not been downloaded due to the above error(s)  	[MsgId: MWAR-26200]
Action.c(13): web_url("{URL}") highest severity level was "ERROR", 0 body bytes, 0 header bytes  	[MsgId: MMSG-26388]
Ending action Action.	[MsgId: MMSG-15918]
Ending iteration 36.	[MsgId: MMSG-15965]
Waiting 22.9130 seconds for iteration pacing.	[MsgId: MMSG-15996]
Action.c(13): web_url("{URL}") was successful, 2747028 body bytes, 13555 header bytes, 1165 chunking overhead bytes  	[MsgId: MMSG-26385]
Action.c(58): web_url("ALL") started  	[MsgId: MMSG-26355]
Action.c(58): Notify: Parameter Substitution: parameter "URL" =  "advantageonlineshopping.com"	[MsgId: MMSG-13992]
Action.c(58): Notify: Parameter Substitution: parameter "URL" =  "advantageonlineshopping.com"	[MsgId: MMSG-13992]
Action.c(58): web_url("ALL") was successful, 6541 body bytes, 342 header bytes, 18 chunking overhead bytes  	[MsgId: MMSG-26385]
Action.c(67): web_custom_request("GetAccountConfigurationRequest") started  	[MsgId: MMSG-26355]
Action.c(67): Notify: Parameter Substitution: parameter "URL" =  "advantageonlineshopping.com"	[MsgId: MMSG-13992]
Action.c(67): Notify: Parameter Substitution: parameter "URL" =  "advantageonlineshopping.com"	[MsgId: MMSG-13992]
Action.c(67): web_custom_request("GetAccountConfigurationRequest") was successful, 2 body bytes, 555 header bytes, 10 chunking overhead bytes  	[MsgId: MMSG-26385]
Action.c(76): web_custom_request("GetAccountConfigurationRequest_2") started  	[MsgId: MMSG-26355]
Action.c(76): Notify: Parameter Substitution: parameter "URL" =  "advantageonlineshopping.com"	[MsgId: MMSG-13992]
Action.c(76): Notify: Parameter Substitution: parameter "URL" =  "advantageonlineshopping.com"	[MsgId: MMSG-13992]
Action.c(76): web_custom_request("GetAccountConfigurationRequest_2") was successful, 823 body bytes, 674 header bytes  	[MsgId: MMSG-26386]
Action.c(88): web_url("categories") started  	[MsgId: MMSG-26355]
Action.c(88): Notify: Parameter Substitution: parameter "URL" =  "advantageonlineshopping.com"	[MsgId: MMSG-13992]
Action.c(88): Notify: Parameter Substitution: parameter "URL" =  "advantageonlineshopping.com"	[MsgId: MMSG-13992]
Action.c(88): web_url("categories") was successful, 5649 body bytes, 342 header bytes, 13 chunking overhead bytes  	[MsgId: MMSG-26385]
Action.c(97): web_url("search") started  	[MsgId: MMSG-26355]
Action.c(97): Notify: Parameter Substitution: parameter "URL" =  "advantageonlineshopping.com"	[MsgId: MMSG-13992]
Action.c(97): Notify: Parameter Substitution: parameter "URL" =  "advantageonlineshopping.com"	[MsgId: MMSG-13992]
Action.c(97): web_url("search") was successful, 351 body bytes, 342 header bytes, 17 chunking overhead bytes  	[MsgId: MMSG-26385]
Action.c(106): web_url("popularProducts.json") started  	[MsgId: MMSG-26355]
Action.c(106): Notify: Parameter Substitution: parameter "URL" =  "advantageonlineshopping.com"	[MsgId: MMSG-13992]
Action.c(106): Notify: Parameter Substitution: parameter "URL" =  "advantageonlineshopping.com"	[MsgId: MMSG-13992]
Action.c(106): web_url("popularProducts.json") was successful, 500 body bytes, 380 header bytes, 12 chunking overhead bytes  	[MsgId: MMSG-26385]
Action.c(115): web_url("home-page.html") started  	[MsgId: MMSG-26355]
Action.c(115): Notify: Parameter Substitution: parameter "URL" =  "advantageonlineshopping.com"	[MsgId: MMSG-13992]
Action.c(115): Notify: Parameter Substitution: parameter "URL" =  "advantageonlineshopping.com"	[MsgId: MMSG-13992]
Action.c(115): Found resource "http://advantageonlineshopping.com/app/views/css/images/Special-offer.jpg" in HTML "http://advantageonlineshopping.com/app/views/home-page.html"  	[MsgId: MMSG-26659]
Action.c(115): Found resource "http://advantageonlineshopping.com/css/images/chat_logo.png" in HTML "http://advantageonlineshopping.com/app/views/home-page.html"  	[MsgId: MMSG-26659]
Action.c(115): Warning -26626: HTTP Status-Code=404 (Not Found) for "http://advantageonlineshopping.com/app/views/css/images/Special-offer.jpg"  	[MsgId: MWAR-26626]
Action.c(115): web_url("home-page.html") highest severity level was "warning", 5740 body bytes, 987 header bytes, 24 chunking overhead bytes  	[MsgId: MMSG-26387]
Action.c(127): lr_think_time: 8.84 seconds (recorded think time was 9.00 seconds).	[MsgId: MMSG-15947]
Starting iteration 36.	[MsgId: MMSG-15968]
Notify: Next row for parameter URL = 2 [table  = URL].	[MsgId: MMSG-13876]
Notify: Getting new value for parameter 'URL': table = 'URL.dat' column = '0' row = '2'.	[MsgId: MMSG-13877]
Starting action Action.	[MsgId: MMSG-15919]
Action.c(4): web_set_sockets_option started  	[MsgId: MMSG-26355]
Action.c(4): web_set_sockets_option was successful  	[MsgId: MMSG-26392]
Action.c(6): web_add_auto_header("Accept-Language") started  	[MsgId: MMSG-26355]
Action.c(6): web_add_auto_header("Accept-Language") was successful  	[MsgId: MMSG-26392]
Action.c(9): web_add_cookie started  	[MsgId: MMSG-26355]
Action.c(9): web_add_cookie was successful  	[MsgId: MMSG-26392]
Action.c(13): web_url("{URL}") started  	[MsgId: MMSG-26355]
Action.c(13): Notify: Parameter Substitution: parameter "URL" =  "nimbusserver.aos.com:8000"	[MsgId: MMSG-13992]
Action.c(13): Notify: Parameter Substitution: parameter "URL" =  "nimbusserver.aos.com:8000"	[MsgId: MMSG-13992]
Action.c(13): Notify: Parameter Substitution: parameter "URL" =  "nimbusserver.aos.com:8000"	[MsgId: MMSG-13992]
Action.c(13): Notify: Parameter Substitution: parameter "URL" =  "nimbusserver.aos.com:8000"	[MsgId: MMSG-13992]
Action.c(13): Notify: Parameter Substitution: parameter "URL" =  "nimbusserver.aos.com:8000"	[MsgId: MMSG-13992]
Action.c(13): Notify: Parameter Substitution: parameter "URL" =  "nimbusserver.aos.com:8000"	[MsgId: MMSG-13992]
Action.c(13): Notify: Parameter Substitution: parameter "URL" =  "nimbusserver.aos.com:8000"	[MsgId: MMSG-13992]
Action.c(13): Error -27794: Could not resolve address of host nimbusserver.aos.com  	[MsgId: MERR-27794]
Action.c(13): Warning -26200: At least one of the resources specified by EXTRARES has not been downloaded due to the above error(s)  	[MsgId: MWAR-26200]
Action.c(13): web_url("{URL}") highest severity level was "ERROR", 0 body bytes, 0 header bytes  	[MsgId: MMSG-26388]
Ending action Action.	[MsgId: MMSG-15918]
Ending iteration 36.	[MsgId: MMSG-15965]
Waiting 23.0750 seconds for iteration pacing.	[MsgId: MMSG-15996]
Action.c(129): Notify: Transaction "Ex7_TR01_ClickSpeakers" started.	[MsgId: MMSG-16999]
Action.c(131): web_reg_find started  	[MsgId: MMSG-26355]
Action.c(131): Registering web_reg_find was successful  	[MsgId: MMSG-26390]
Action.c(134): web_url("products") started  	[MsgId: MMSG-26355]
Action.c(134): Notify: Parameter Substitution: parameter "URL" =  "advantageonlineshopping.com"	[MsgId: MMSG-13992]
Action.c(134): Notify: Parameter Substitution: parameter "URL" =  "advantageonlineshopping.com"	[MsgId: MMSG-13992]
Action.c(134): Registered web_reg_find successful for "Text=SPEAKERS" (count=1)  	[MsgId: MMSG-26364]
Action.c(134): web_url("products") was successful, 1975 body bytes, 342 header bytes, 17 chunking overhead bytes  	[MsgId: MMSG-26385]
Action.c(143): web_url("attributes") started  	[MsgId: MMSG-26355]
Action.c(143): Notify: Parameter Substitution: parameter "URL" =  "advantageonlineshopping.com"	[MsgId: MMSG-13992]
Action.c(143): Notify: Parameter Substitution: parameter "URL" =  "advantageonlineshopping.com"	[MsgId: MMSG-13992]
Action.c(143): web_url("attributes") was successful, 552 body bytes, 342 header bytes, 17 chunking overhead bytes  	[MsgId: MMSG-26385]
Action.c(152): web_url("category-page.html") started  	[MsgId: MMSG-26355]
Action.c(152): Notify: Parameter Substitution: parameter "URL" =  "advantageonlineshopping.com"	[MsgId: MMSG-13992]
Action.c(152): Notify: Parameter Substitution: parameter "URL" =  "advantageonlineshopping.com"	[MsgId: MMSG-13992]
Action.c(152): web_url("category-page.html") was successful, 741 body bytes, 328 header bytes, 12 chunking overhead bytes  	[MsgId: MMSG-26385]
Action.c(161): Notify: Transaction "Ex7_TR01_ClickSpeakers" ended with a "Pass" status (Duration: 2.1183 Wasted Time: 0.0000).	[MsgId: MMSG-16871]
Action.c(164): lr_think_time: 8.01 seconds (recorded think time was 10.00 seconds).	[MsgId: MMSG-15947]
Action was aborted.	[MsgId: MMSG-10694]
Ending Vuser...	[MsgId: MMSG-15966]
Starting action vuser_end.	[MsgId: MMSG-15919]
Ending action vuser_end.	[MsgId: MMSG-15918]
Vuser Terminated.	[MsgId: MMSG-15963]
Vuser 7 (thread 28008), ended OK."	[MsgId: MMSG-10695]
Starting iteration 37.	[MsgId: MMSG-15968]
Notify: Next row for parameter URL = 1 [table  = URL].	[MsgId: MMSG-13876]
Notify: Getting new value for parameter 'URL': table = 'URL.dat' column = '0' row = '1'.	[MsgId: MMSG-13877]
Starting action Action.	[MsgId: MMSG-15919]
Action.c(4): web_set_sockets_option started  	[MsgId: MMSG-26355]
Action.c(4): web_set_sockets_option was successful  	[MsgId: MMSG-26392]
Action.c(6): web_add_auto_header("Accept-Language") started  	[MsgId: MMSG-26355]
Action.c(6): web_add_auto_header("Accept-Language") was successful  	[MsgId: MMSG-26392]
Action.c(9): web_add_cookie started  	[MsgId: MMSG-26355]
Action.c(9): web_add_cookie was successful  	[MsgId: MMSG-26392]
Action.c(13): web_url("{URL}") started  	[MsgId: MMSG-26355]
Action.c(13): Notify: Parameter Substitution: parameter "URL" =  "advantageonlineshopping.com"	[MsgId: MMSG-13992]
Action.c(13): Notify: Parameter Substitution: parameter "URL" =  "advantageonlineshopping.com"	[MsgId: MMSG-13992]
Action.c(13): Notify: Parameter Substitution: parameter "URL" =  "advantageonlineshopping.com"	[MsgId: MMSG-13992]
Action.c(13): Notify: Parameter Substitution: parameter "URL" =  "advantageonlineshopping.com"	[MsgId: MMSG-13992]
Action.c(13): Notify: Parameter Substitution: parameter "URL" =  "advantageonlineshopping.com"	[MsgId: MMSG-13992]
Action.c(13): Notify: Parameter Substitution: parameter "URL" =  "advantageonlineshopping.com"	[MsgId: MMSG-13992]
Action.c(13): Notify: Parameter Substitution: parameter "URL" =  "advantageonlineshopping.com"	[MsgId: MMSG-13992]
Action.c(166): Notify: Transaction "Ex7_TR02_BoseSoundLinkBluetoothSpeaker" started.	[MsgId: MMSG-16999]
Action.c(169): web_url("all_data") started  	[MsgId: MMSG-26355]
Action.c(169): Notify: Parameter Substitution: parameter "URL" =  "advantageonlineshopping.com"	[MsgId: MMSG-13992]
Action.c(169): Notify: Parameter Substitution: parameter "URL" =  "advantageonlineshopping.com"	[MsgId: MMSG-13992]
Action.c(13): Found resource "http://advantageonlineshopping.com/css/main.min.css" in HTML "http://advantageonlineshopping.com/"  	[MsgId: MMSG-26659]
Action.c(13): Found resource "https://www.googletagmanager.com/gtag/js?id=G-TBPYED8WSW" in HTML "http://advantageonlineshopping.com/"  	[MsgId: MMSG-26659]
Action.c(13): Downloading resource "http://advantageonlineshopping.com/main.min.js" (specified by argument number 9)  	[MsgId: MMSG-26576]
Action.c(13): Downloading resource "http://advantageonlineshopping.com/services.properties" (specified by argument number 11)  	[MsgId: MMSG-26576]
Action.c(13): Downloading resource "http://advantageonlineshopping.com/css/images/closeDark.png" (specified by argument number 13)  	[MsgId: MMSG-26576]
Action.c(13): Downloading resource "http://advantageonlineshopping.com/css/images/logo.png" (specified by argument number 15)  	[MsgId: MMSG-26576]
Action.c(13): Downloading resource "http://advantageonlineshopping.com/css/fonts/roboto_medium_macroman/Roboto-Medium-webfont.woff" (specified by argument number 17)  	[MsgId: MMSG-26576]
Action.c(13): Downloading resource "http://advantageonlineshopping.com/css/fonts/roboto_light_macroman/Roboto-Light-webfont.woff" (specified by argument number 20)  	[MsgId: MMSG-26576]
Action.c(13): Downloading resource "http://advantageonlineshopping.com/css/fonts/roboto_regular_macroman/Roboto-Regular-webfont.woff" (specified by argument number 23)  	[MsgId: MMSG-26576]
Action.c(13): Downloading resource "http://advantageonlineshopping.com/css/images/arrow_right.png" (specified by argument number 26)  	[MsgId: MMSG-26576]
Action.c(13): Downloading resource "http://advantageonlineshopping.com/css/images/Special-offer.jpg" (specified by argument number 29)  	[MsgId: MMSG-26576]
Action.c(13): Downloading resource "http://advantageonlineshopping.com/catalog/fetchImage?image_id=mice" (specified by argument number 31)  	[MsgId: MMSG-26576]
Action.c(13): Downloading resource "http://advantageonlineshopping.com/catalog/fetchImage?image_id=headphones" (specified by argument number 33)  	[MsgId: MMSG-26576]
Action.c(13): Downloading resource "http://advantageonlineshopping.com/catalog/fetchImage?image_id=tablets" (specified by argument number 35)  	[MsgId: MMSG-26576]
Action.c(13): Downloading resource "http://advantageonlineshopping.com/catalog/fetchImage?image_id=laptops" (specified by argument number 37)  	[MsgId: MMSG-26576]
Action.c(13): Downloading resource "http://advantageonlineshopping.com/catalog/fetchImage?image_id=speakers" (specified by argument number 39)  	[MsgId: MMSG-26576]
Action.c(13): Downloading resource "http://advantageonlineshopping.com/css/fonts/roboto_bold_macroman/Roboto-Bold-webfont.woff" (specified by argument number 41)  	[MsgId: MMSG-26576]
Action.c(13): Downloading resource "http://advantageonlineshopping.com/css/images/linkedin.png" (specified by argument number 44)  	[MsgId: MMSG-26576]
Action.c(13): Downloading resource "http://advantageonlineshopping.com/css/images/facebook.png" (specified by argument number 46)  	[MsgId: MMSG-26576]
Action.c(13): Downloading resource "http://advantageonlineshopping.com/css/images/twitter.png" (specified by argument number 48)  	[MsgId: MMSG-26576]
Action.c(13): Downloading resource "http://advantageonlineshopping.com/css/images/GoUp.png" (specified by argument number 50)  	[MsgId: MMSG-26576]
Action.c(13): Downloading resource "http://advantageonlineshopping.com/css/fonts/roboto_thin_macroman/Roboto-Thin-webfont.woff" (specified by argument number 52)  	[MsgId: MMSG-26576]
Action.c(13): Downloading resource "http://advantageonlineshopping.com/css/images/Banner1.jpg" (specified by argument number 55)  	[MsgId: MMSG-26576]
Action.c(13): Downloading resource "http://advantageonlineshopping.com/css/images/Popular-item2.jpg" (specified by argument number 57)  	[MsgId: MMSG-26576]
Action.c(13): Downloading resource "http://advantageonlineshopping.com/css/images/Popular-item1.jpg" (specified by argument number 59)  	[MsgId: MMSG-26576]
Action.c(13): Downloading resource "http://advantageonlineshopping.com/css/images/Popular-item3.jpg" (specified by argument number 61)  	[MsgId: MMSG-26576]
Action.c(13): Downloading resource "http://advantageonlineshopping.com/css/images/Banner3.jpg" (specified by argument number 63)  	[MsgId: MMSG-26576]
Action.c(13): Downloading resource "http://advantageonlineshopping.com/css/images/Banner2.jpg" (specified by argument number 65)  	[MsgId: MMSG-26576]
Action.c(13): Downloading resource "http://advantageonlineshopping.com/css/images/category_banner_4.png" (specified by argument number 67)  	[MsgId: MMSG-26576]
Action.c(13): Downloading resource "http://advantageonlineshopping.com/css/images/Filter.png" (specified by argument number 69)  	[MsgId: MMSG-26576]
Action.c(13): Downloading resource "http://advantageonlineshopping.com/catalog/fetchImage?image_id=4700" (specified by argument number 71)  	[MsgId: MMSG-26576]
Action.c(13): Downloading resource "http://advantageonlineshopping.com/catalog/fetchImage?image_id=4600" (specified by argument number 73)  	[MsgId: MMSG-26576]
Action.c(13): Downloading resource "http://advantageonlineshopping.com/catalog/fetchImage?image_id=4400" (specified by argument number 75)  	[MsgId: MMSG-26576]
Action.c(13): Downloading resource "http://advantageonlineshopping.com/catalog/fetchImage?image_id=4200" (specified by argument number 77)  	[MsgId: MMSG-26576]
Action.c(13): Downloading resource "http://advantageonlineshopping.com/catalog/fetchImage?image_id=4300" (specified by argument number 79)  	[MsgId: MMSG-26576]
Action.c(13): Downloading resource "http://advantageonlineshopping.com/catalog/fetchImage?image_id=4100" (specified by argument number 81)  	[MsgId: MMSG-26576]
Action.c(13): Downloading resource "http://advantageonlineshopping.com/catalog/fetchImage?image_id=4500" (specified by argument number 83)  	[MsgId: MMSG-26576]
Action.c(13): Found resource "http://advantageonlineshopping.com/css/images/Down_arrow.svg" in HTML "http://advantageonlineshopping.com/"  	[MsgId: MMSG-26659]
Action.c(13): Found resource "http://advantageonlineshopping.com/vendor/requirejs/require.js" in HTML "http://advantageonlineshopping.com/"  	[MsgId: MMSG-26659]
Action.c(169): web_url("all_data") was successful, 11359 body bytes, 342 header bytes, 25 chunking overhead bytes  	[MsgId: MMSG-26385]
Action.c(178): web_url("20") started  	[MsgId: MMSG-26355]
Action.c(178): Notify: Parameter Substitution: parameter "URL" =  "advantageonlineshopping.com"	[MsgId: MMSG-13992]
Action.c(178): Notify: Parameter Substitution: parameter "URL" =  "advantageonlineshopping.com"	[MsgId: MMSG-13992]
Action.c(178): web_url("20") was successful, 578 body bytes, 342 header bytes, 17 chunking overhead bytes  	[MsgId: MMSG-26385]
Action.c(187): web_url("product-page.html") started  	[MsgId: MMSG-26355]
Action.c(187): Notify: Parameter Substitution: parameter "URL" =  "advantageonlineshopping.com"	[MsgId: MMSG-13992]
Action.c(187): Notify: Parameter Substitution: parameter "URL" =  "advantageonlineshopping.com"	[MsgId: MMSG-13992]
Action.c(187): Found resource "http://advantageonlineshopping.com/css/images/review_right.png" in HTML "http://advantageonlineshopping.com/app/views/product-page.html"  	[MsgId: MMSG-26659]
Action.c(187): Found resource "http://advantageonlineshopping.com/css/images/reviewUser.png" in HTML "http://advantageonlineshopping.com/app/views/product-page.html"  	[MsgId: MMSG-26659]
Action.c(187): Found resource "http://advantageonlineshopping.com/css/images/review_Left_disabled.png" in HTML "http://advantageonlineshopping.com/app/views/product-page.html"  	[MsgId: MMSG-26659]
Action.c(13): web_url("{URL}") was successful, 2747024 body bytes, 13555 header bytes, 1245 chunking overhead bytes  	[MsgId: MMSG-26385]
Action.c(58): web_url("ALL") started  	[MsgId: MMSG-26355]
Action.c(58): Notify: Parameter Substitution: parameter "URL" =  "advantageonlineshopping.com"	[MsgId: MMSG-13992]
Action.c(58): Notify: Parameter Substitution: parameter "URL" =  "advantageonlineshopping.com"	[MsgId: MMSG-13992]
Action.c(187): web_url("product-page.html") was successful, 6064 body bytes, 1348 header bytes, 12 chunking overhead bytes  	[MsgId: MMSG-26385]
Action.c(195): Notify: Transaction "Ex7_TR02_BoseSoundLinkBluetoothSpeaker" ended with a "Pass" status (Duration: 2.9494).	[MsgId: MMSG-16873]
Ending action Action.	[MsgId: MMSG-15918]
Ending iteration 35.	[MsgId: MMSG-15965]
Waiting 21.3010 seconds for iteration pacing.	[MsgId: MMSG-15996]
Action.c(58): web_url("ALL") was successful, 6541 body bytes, 342 header bytes, 18 chunking overhead bytes  	[MsgId: MMSG-26385]
Action.c(67): web_custom_request("GetAccountConfigurationRequest") started  	[MsgId: MMSG-26355]
Action.c(67): Notify: Parameter Substitution: parameter "URL" =  "advantageonlineshopping.com"	[MsgId: MMSG-13992]
Action.c(67): Notify: Parameter Substitution: parameter "URL" =  "advantageonlineshopping.com"	[MsgId: MMSG-13992]
Action.c(67): web_custom_request("GetAccountConfigurationRequest") was successful, 2 body bytes, 555 header bytes, 10 chunking overhead bytes  	[MsgId: MMSG-26385]
Action.c(76): web_custom_request("GetAccountConfigurationRequest_2") started  	[MsgId: MMSG-26355]
Action.c(76): Notify: Parameter Substitution: parameter "URL" =  "advantageonlineshopping.com"	[MsgId: MMSG-13992]
Action.c(76): Notify: Parameter Substitution: parameter "URL" =  "advantageonlineshopping.com"	[MsgId: MMSG-13992]
Action.c(76): web_custom_request("GetAccountConfigurationRequest_2") was successful, 823 body bytes, 674 header bytes  	[MsgId: MMSG-26386]
Action.c(88): web_url("categories") started  	[MsgId: MMSG-26355]
Action.c(88): Notify: Parameter Substitution: parameter "URL" =  "advantageonlineshopping.com"	[MsgId: MMSG-13992]
Action.c(88): Notify: Parameter Substitution: parameter "URL" =  "advantageonlineshopping.com"	[MsgId: MMSG-13992]
Action.c(88): web_url("categories") was successful, 5648 body bytes, 342 header bytes, 18 chunking overhead bytes  	[MsgId: MMSG-26385]
Action.c(97): web_url("search") started  	[MsgId: MMSG-26355]
Action.c(97): Notify: Parameter Substitution: parameter "URL" =  "advantageonlineshopping.com"	[MsgId: MMSG-13992]
Action.c(97): Notify: Parameter Substitution: parameter "URL" =  "advantageonlineshopping.com"	[MsgId: MMSG-13992]
Action.c(97): web_url("search") was successful, 351 body bytes, 342 header bytes, 17 chunking overhead bytes  	[MsgId: MMSG-26385]
Action.c(106): web_url("popularProducts.json") started  	[MsgId: MMSG-26355]
Action.c(106): Notify: Parameter Substitution: parameter "URL" =  "advantageonlineshopping.com"	[MsgId: MMSG-13992]
Action.c(106): Notify: Parameter Substitution: parameter "URL" =  "advantageonlineshopping.com"	[MsgId: MMSG-13992]
Action.c(106): web_url("popularProducts.json") was successful, 500 body bytes, 380 header bytes, 12 chunking overhead bytes  	[MsgId: MMSG-26385]
Action.c(115): web_url("home-page.html") started  	[MsgId: MMSG-26355]
Action.c(115): Notify: Parameter Substitution: parameter "URL" =  "advantageonlineshopping.com"	[MsgId: MMSG-13992]
Action.c(115): Notify: Parameter Substitution: parameter "URL" =  "advantageonlineshopping.com"	[MsgId: MMSG-13992]
Action.c(115): Found resource "http://advantageonlineshopping.com/app/views/css/images/Special-offer.jpg" in HTML "http://advantageonlineshopping.com/app/views/home-page.html"  	[MsgId: MMSG-26659]
Action.c(115): Found resource "http://advantageonlineshopping.com/css/images/chat_logo.png" in HTML "http://advantageonlineshopping.com/app/views/home-page.html"  	[MsgId: MMSG-26659]
Action.c(115): Warning -26626: HTTP Status-Code=404 (Not Found) for "http://advantageonlineshopping.com/app/views/css/images/Special-offer.jpg"  	[MsgId: MWAR-26626]
Action.c(115): web_url("home-page.html") highest severity level was "warning", 5740 body bytes, 987 header bytes, 24 chunking overhead bytes  	[MsgId: MMSG-26387]
Action.c(127): lr_think_time: 8.81 seconds (recorded think time was 9.00 seconds).	[MsgId: MMSG-15947]
Action.c(129): Notify: Transaction "Ex7_TR01_ClickSpeakers" started.	[MsgId: MMSG-16999]
Action.c(131): web_reg_find started  	[MsgId: MMSG-26355]
Action.c(131): Registering web_reg_find was successful  	[MsgId: MMSG-26390]
Action.c(134): web_url("products") started  	[MsgId: MMSG-26355]
Action.c(134): Notify: Parameter Substitution: parameter "URL" =  "advantageonlineshopping.com"	[MsgId: MMSG-13992]
Action.c(134): Notify: Parameter Substitution: parameter "URL" =  "advantageonlineshopping.com"	[MsgId: MMSG-13992]
Action.c(134): Registered web_reg_find successful for "Text=SPEAKERS" (count=1)  	[MsgId: MMSG-26364]
Action.c(134): web_url("products") was successful, 1980 body bytes, 342 header bytes, 17 chunking overhead bytes  	[MsgId: MMSG-26385]
Action.c(143): web_url("attributes") started  	[MsgId: MMSG-26355]
Action.c(143): Notify: Parameter Substitution: parameter "URL" =  "advantageonlineshopping.com"	[MsgId: MMSG-13992]
Action.c(143): Notify: Parameter Substitution: parameter "URL" =  "advantageonlineshopping.com"	[MsgId: MMSG-13992]
Action.c(143): web_url("attributes") was successful, 552 body bytes, 342 header bytes, 17 chunking overhead bytes  	[MsgId: MMSG-26385]
Action.c(152): web_url("category-page.html") started  	[MsgId: MMSG-26355]
Action.c(152): Notify: Parameter Substitution: parameter "URL" =  "advantageonlineshopping.com"	[MsgId: MMSG-13992]
Action.c(152): Notify: Parameter Substitution: parameter "URL" =  "advantageonlineshopping.com"	[MsgId: MMSG-13992]
Action.c(152): web_url("category-page.html") was successful, 741 body bytes, 328 header bytes, 12 chunking overhead bytes  	[MsgId: MMSG-26385]
Action.c(161): Notify: Transaction "Ex7_TR01_ClickSpeakers" ended with a "Pass" status (Duration: 2.0782 Wasted Time: 0.0000).	[MsgId: MMSG-16871]
Action.c(164): lr_think_time: 7.30 seconds (recorded think time was 10.00 seconds).	[MsgId: MMSG-15947]
Action.c(166): Notify: Transaction "Ex7_TR02_BoseSoundLinkBluetoothSpeaker" started.	[MsgId: MMSG-16999]
Action.c(169): web_url("all_data") started  	[MsgId: MMSG-26355]
Action.c(169): Notify: Parameter Substitution: parameter "URL" =  "advantageonlineshopping.com"	[MsgId: MMSG-13992]
Action.c(169): Notify: Parameter Substitution: parameter "URL" =  "advantageonlineshopping.com"	[MsgId: MMSG-13992]
Starting iteration 36.	[MsgId: MMSG-15968]
Notify: Next row for parameter URL = 2 [table  = URL].	[MsgId: MMSG-13876]
Notify: Getting new value for parameter 'URL': table = 'URL.dat' column = '0' row = '2'.	[MsgId: MMSG-13877]
Starting action Action.	[MsgId: MMSG-15919]
Action.c(4): web_set_sockets_option started  	[MsgId: MMSG-26355]
Action.c(4): web_set_sockets_option was successful  	[MsgId: MMSG-26392]
Action.c(6): web_add_auto_header("Accept-Language") started  	[MsgId: MMSG-26355]
Action.c(6): web_add_auto_header("Accept-Language") was successful  	[MsgId: MMSG-26392]
Action.c(9): web_add_cookie started  	[MsgId: MMSG-26355]
Action.c(9): web_add_cookie was successful  	[MsgId: MMSG-26392]
Action.c(13): web_url("{URL}") started  	[MsgId: MMSG-26355]
Action.c(13): Notify: Parameter Substitution: parameter "URL" =  "nimbusserver.aos.com:8000"	[MsgId: MMSG-13992]
Action.c(13): Notify: Parameter Substitution: parameter "URL" =  "nimbusserver.aos.com:8000"	[MsgId: MMSG-13992]
Action.c(13): Notify: Parameter Substitution: parameter "URL" =  "nimbusserver.aos.com:8000"	[MsgId: MMSG-13992]
Action.c(13): Notify: Parameter Substitution: parameter "URL" =  "nimbusserver.aos.com:8000"	[MsgId: MMSG-13992]
Action.c(13): Notify: Parameter Substitution: parameter "URL" =  "nimbusserver.aos.com:8000"	[MsgId: MMSG-13992]
Action.c(13): Notify: Parameter Substitution: parameter "URL" =  "nimbusserver.aos.com:8000"	[MsgId: MMSG-13992]
Action.c(13): Notify: Parameter Substitution: parameter "URL" =  "nimbusserver.aos.com:8000"	[MsgId: MMSG-13992]
Action.c(13): Error -27794: Could not resolve address of host nimbusserver.aos.com  	[MsgId: MERR-27794]
Action.c(13): Warning -26200: At least one of the resources specified by EXTRARES has not been downloaded due to the above error(s)  	[MsgId: MWAR-26200]
Action.c(13): web_url("{URL}") highest severity level was "ERROR", 0 body bytes, 0 header bytes  	[MsgId: MMSG-26388]
Ending action Action.	[MsgId: MMSG-15918]
Ending iteration 36.	[MsgId: MMSG-15965]
Waiting 21.4860 seconds for iteration pacing.	[MsgId: MMSG-15996]
Action.c(169): web_url("all_data") was successful, 11357 body bytes, 342 header bytes, 25 chunking overhead bytes  	[MsgId: MMSG-26385]
Action.c(178): web_url("20") started  	[MsgId: MMSG-26355]
Action.c(178): Notify: Parameter Substitution: parameter "URL" =  "advantageonlineshopping.com"	[MsgId: MMSG-13992]
Action.c(178): Notify: Parameter Substitution: parameter "URL" =  "advantageonlineshopping.com"	[MsgId: MMSG-13992]
Action.c(178): web_url("20") was successful, 580 body bytes, 342 header bytes, 17 chunking overhead bytes  	[MsgId: MMSG-26385]
Action.c(187): web_url("product-page.html") started  	[MsgId: MMSG-26355]
Action.c(187): Notify: Parameter Substitution: parameter "URL" =  "advantageonlineshopping.com"	[MsgId: MMSG-13992]
Action.c(187): Notify: Parameter Substitution: parameter "URL" =  "advantageonlineshopping.com"	[MsgId: MMSG-13992]
Action.c(187): Found resource "http://advantageonlineshopping.com/css/images/review_right.png" in HTML "http://advantageonlineshopping.com/app/views/product-page.html"  	[MsgId: MMSG-26659]
Action.c(187): Found resource "http://advantageonlineshopping.com/css/images/reviewUser.png" in HTML "http://advantageonlineshopping.com/app/views/product-page.html"  	[MsgId: MMSG-26659]
Action.c(187): Found resource "http://advantageonlineshopping.com/css/images/review_Left_disabled.png" in HTML "http://advantageonlineshopping.com/app/views/product-page.html"  	[MsgId: MMSG-26659]
Action.c(187): web_url("product-page.html") was successful, 6064 body bytes, 1348 header bytes, 12 chunking overhead bytes  	[MsgId: MMSG-26385]
Action.c(195): Notify: Transaction "Ex7_TR02_BoseSoundLinkBluetoothSpeaker" ended with a "Pass" status (Duration: 2.7667).	[MsgId: MMSG-16873]
Ending action Action.	[MsgId: MMSG-15918]
Ending iteration 37.	[MsgId: MMSG-15965]
Waiting 17.0380 seconds for iteration pacing.	[MsgId: MMSG-15996]
Starting iteration 38.	[MsgId: MMSG-15968]
Notify: Next row for parameter URL = 2 [table  = URL].	[MsgId: MMSG-13876]
Notify: Getting new value for parameter 'URL': table = 'URL.dat' column = '0' row = '2'.	[MsgId: MMSG-13877]
Starting action Action.	[MsgId: MMSG-15919]
Action.c(4): web_set_sockets_option started  	[MsgId: MMSG-26355]
Action.c(4): web_set_sockets_option was successful  	[MsgId: MMSG-26392]
Action.c(6): web_add_auto_header("Accept-Language") started  	[MsgId: MMSG-26355]
Action.c(6): web_add_auto_header("Accept-Language") was successful  	[MsgId: MMSG-26392]
Action.c(9): web_add_cookie started  	[MsgId: MMSG-26355]
Action.c(9): web_add_cookie was successful  	[MsgId: MMSG-26392]
Action.c(13): web_url("{URL}") started  	[MsgId: MMSG-26355]
Action.c(13): Notify: Parameter Substitution: parameter "URL" =  "nimbusserver.aos.com:8000"	[MsgId: MMSG-13992]
Action.c(13): Notify: Parameter Substitution: parameter "URL" =  "nimbusserver.aos.com:8000"	[MsgId: MMSG-13992]
Action.c(13): Notify: Parameter Substitution: parameter "URL" =  "nimbusserver.aos.com:8000"	[MsgId: MMSG-13992]
Action.c(13): Notify: Parameter Substitution: parameter "URL" =  "nimbusserver.aos.com:8000"	[MsgId: MMSG-13992]
Action.c(13): Notify: Parameter Substitution: parameter "URL" =  "nimbusserver.aos.com:8000"	[MsgId: MMSG-13992]
Action.c(13): Notify: Parameter Substitution: parameter "URL" =  "nimbusserver.aos.com:8000"	[MsgId: MMSG-13992]
Action.c(13): Notify: Parameter Substitution: parameter "URL" =  "nimbusserver.aos.com:8000"	[MsgId: MMSG-13992]
Action.c(13): Error -27794: Could not resolve address of host nimbusserver.aos.com  	[MsgId: MERR-27794]
Action.c(13): Warning -26200: At least one of the resources specified by EXTRARES has not been downloaded due to the above error(s)  	[MsgId: MWAR-26200]
Action.c(13): web_url("{URL}") highest severity level was "ERROR", 0 body bytes, 0 header bytes  	[MsgId: MMSG-26388]
Ending action Action.	[MsgId: MMSG-15918]
Ending iteration 38.	[MsgId: MMSG-15965]
Waiting 16.0750 seconds for iteration pacing.	[MsgId: MMSG-15996]
Starting iteration 37.	[MsgId: MMSG-15968]
Notify: Next row for parameter URL = 1 [table  = URL].	[MsgId: MMSG-13876]
Notify: Getting new value for parameter 'URL': table = 'URL.dat' column = '0' row = '1'.	[MsgId: MMSG-13877]
Starting action Action.	[MsgId: MMSG-15919]
Action.c(4): web_set_sockets_option started  	[MsgId: MMSG-26355]
Action.c(4): web_set_sockets_option was successful  	[MsgId: MMSG-26392]
Action.c(6): web_add_auto_header("Accept-Language") started  	[MsgId: MMSG-26355]
Action.c(6): web_add_auto_header("Accept-Language") was successful  	[MsgId: MMSG-26392]
Action.c(9): web_add_cookie started  	[MsgId: MMSG-26355]
Action.c(9): web_add_cookie was successful  	[MsgId: MMSG-26392]
Action.c(13): web_url("{URL}") started  	[MsgId: MMSG-26355]
Action.c(13): Notify: Parameter Substitution: parameter "URL" =  "advantageonlineshopping.com"	[MsgId: MMSG-13992]
Action.c(13): Notify: Parameter Substitution: parameter "URL" =  "advantageonlineshopping.com"	[MsgId: MMSG-13992]
Action.c(13): Notify: Parameter Substitution: parameter "URL" =  "advantageonlineshopping.com"	[MsgId: MMSG-13992]
Action.c(13): Notify: Parameter Substitution: parameter "URL" =  "advantageonlineshopping.com"	[MsgId: MMSG-13992]
Action.c(13): Notify: Parameter Substitution: parameter "URL" =  "advantageonlineshopping.com"	[MsgId: MMSG-13992]
Action.c(13): Notify: Parameter Substitution: parameter "URL" =  "advantageonlineshopping.com"	[MsgId: MMSG-13992]
Action.c(13): Notify: Parameter Substitution: parameter "URL" =  "advantageonlineshopping.com"	[MsgId: MMSG-13992]
Action.c(13): Found resource "http://advantageonlineshopping.com/css/main.min.css" in HTML "http://advantageonlineshopping.com/"  	[MsgId: MMSG-26659]
Action.c(13): Found resource "https://www.googletagmanager.com/gtag/js?id=G-TBPYED8WSW" in HTML "http://advantageonlineshopping.com/"  	[MsgId: MMSG-26659]
Action.c(13): Downloading resource "http://advantageonlineshopping.com/main.min.js" (specified by argument number 9)  	[MsgId: MMSG-26576]
Action.c(13): Downloading resource "http://advantageonlineshopping.com/services.properties" (specified by argument number 11)  	[MsgId: MMSG-26576]
Action.c(13): Downloading resource "http://advantageonlineshopping.com/css/images/closeDark.png" (specified by argument number 13)  	[MsgId: MMSG-26576]
Action.c(13): Downloading resource "http://advantageonlineshopping.com/css/images/logo.png" (specified by argument number 15)  	[MsgId: MMSG-26576]
Action.c(13): Downloading resource "http://advantageonlineshopping.com/css/fonts/roboto_medium_macroman/Roboto-Medium-webfont.woff" (specified by argument number 17)  	[MsgId: MMSG-26576]
Action.c(13): Downloading resource "http://advantageonlineshopping.com/css/fonts/roboto_light_macroman/Roboto-Light-webfont.woff" (specified by argument number 20)  	[MsgId: MMSG-26576]
Action.c(13): Downloading resource "http://advantageonlineshopping.com/css/fonts/roboto_regular_macroman/Roboto-Regular-webfont.woff" (specified by argument number 23)  	[MsgId: MMSG-26576]
Action.c(13): Downloading resource "http://advantageonlineshopping.com/css/images/arrow_right.png" (specified by argument number 26)  	[MsgId: MMSG-26576]
Action.c(13): Downloading resource "http://advantageonlineshopping.com/css/images/Special-offer.jpg" (specified by argument number 29)  	[MsgId: MMSG-26576]
Action.c(13): Downloading resource "http://advantageonlineshopping.com/catalog/fetchImage?image_id=mice" (specified by argument number 31)  	[MsgId: MMSG-26576]
Action.c(13): Downloading resource "http://advantageonlineshopping.com/catalog/fetchImage?image_id=headphones" (specified by argument number 33)  	[MsgId: MMSG-26576]
Action.c(13): Downloading resource "http://advantageonlineshopping.com/catalog/fetchImage?image_id=tablets" (specified by argument number 35)  	[MsgId: MMSG-26576]
Action.c(13): Downloading resource "http://advantageonlineshopping.com/catalog/fetchImage?image_id=laptops" (specified by argument number 37)  	[MsgId: MMSG-26576]
Action.c(13): Downloading resource "http://advantageonlineshopping.com/catalog/fetchImage?image_id=speakers" (specified by argument number 39)  	[MsgId: MMSG-26576]
Action.c(13): Downloading resource "http://advantageonlineshopping.com/css/fonts/roboto_bold_macroman/Roboto-Bold-webfont.woff" (specified by argument number 41)  	[MsgId: MMSG-26576]
Action.c(13): Downloading resource "http://advantageonlineshopping.com/css/images/linkedin.png" (specified by argument number 44)  	[MsgId: MMSG-26576]
Action.c(13): Downloading resource "http://advantageonlineshopping.com/css/images/facebook.png" (specified by argument number 46)  	[MsgId: MMSG-26576]
Action.c(13): Downloading resource "http://advantageonlineshopping.com/css/images/twitter.png" (specified by argument number 48)  	[MsgId: MMSG-26576]
Action.c(13): Downloading resource "http://advantageonlineshopping.com/css/images/GoUp.png" (specified by argument number 50)  	[MsgId: MMSG-26576]
Action.c(13): Downloading resource "http://advantageonlineshopping.com/css/fonts/roboto_thin_macroman/Roboto-Thin-webfont.woff" (specified by argument number 52)  	[MsgId: MMSG-26576]
Action.c(13): Downloading resource "http://advantageonlineshopping.com/css/images/Banner1.jpg" (specified by argument number 55)  	[MsgId: MMSG-26576]
Action.c(13): Downloading resource "http://advantageonlineshopping.com/css/images/Popular-item2.jpg" (specified by argument number 57)  	[MsgId: MMSG-26576]
Action.c(13): Downloading resource "http://advantageonlineshopping.com/css/images/Popular-item1.jpg" (specified by argument number 59)  	[MsgId: MMSG-26576]
Action.c(13): Downloading resource "http://advantageonlineshopping.com/css/images/Popular-item3.jpg" (specified by argument number 61)  	[MsgId: MMSG-26576]
Action.c(13): Downloading resource "http://advantageonlineshopping.com/css/images/Banner3.jpg" (specified by argument number 63)  	[MsgId: MMSG-26576]
Action.c(13): Downloading resource "http://advantageonlineshopping.com/css/images/Banner2.jpg" (specified by argument number 65)  	[MsgId: MMSG-26576]
Action.c(13): Downloading resource "http://advantageonlineshopping.com/css/images/category_banner_4.png" (specified by argument number 67)  	[MsgId: MMSG-26576]
Action.c(13): Downloading resource "http://advantageonlineshopping.com/css/images/Filter.png" (specified by argument number 69)  	[MsgId: MMSG-26576]
Action.c(13): Downloading resource "http://advantageonlineshopping.com/catalog/fetchImage?image_id=4700" (specified by argument number 71)  	[MsgId: MMSG-26576]
Action.c(13): Downloading resource "http://advantageonlineshopping.com/catalog/fetchImage?image_id=4600" (specified by argument number 73)  	[MsgId: MMSG-26576]
Action.c(13): Downloading resource "http://advantageonlineshopping.com/catalog/fetchImage?image_id=4400" (specified by argument number 75)  	[MsgId: MMSG-26576]
Action.c(13): Downloading resource "http://advantageonlineshopping.com/catalog/fetchImage?image_id=4200" (specified by argument number 77)  	[MsgId: MMSG-26576]
Action.c(13): Downloading resource "http://advantageonlineshopping.com/catalog/fetchImage?image_id=4300" (specified by argument number 79)  	[MsgId: MMSG-26576]
Action.c(13): Downloading resource "http://advantageonlineshopping.com/catalog/fetchImage?image_id=4100" (specified by argument number 81)  	[MsgId: MMSG-26576]
Action.c(13): Downloading resource "http://advantageonlineshopping.com/catalog/fetchImage?image_id=4500" (specified by argument number 83)  	[MsgId: MMSG-26576]
Action.c(13): Found resource "http://advantageonlineshopping.com/css/images/Down_arrow.svg" in HTML "http://advantageonlineshopping.com/"  	[MsgId: MMSG-26659]
Action.c(13): Found resource "http://advantageonlineshopping.com/vendor/requirejs/require.js" in HTML "http://advantageonlineshopping.com/"  	[MsgId: MMSG-26659]
Action.c(13): web_url("{URL}") was successful, 2747001 body bytes, 13555 header bytes, 1257 chunking overhead bytes  	[MsgId: MMSG-26385]
Action.c(58): web_url("ALL") started  	[MsgId: MMSG-26355]
Action.c(58): Notify: Parameter Substitution: parameter "URL" =  "advantageonlineshopping.com"	[MsgId: MMSG-13992]
Action.c(58): Notify: Parameter Substitution: parameter "URL" =  "advantageonlineshopping.com"	[MsgId: MMSG-13992]
Action.c(58): web_url("ALL") was successful, 6541 body bytes, 342 header bytes, 18 chunking overhead bytes  	[MsgId: MMSG-26385]
Action.c(67): web_custom_request("GetAccountConfigurationRequest") started  	[MsgId: MMSG-26355]
Action.c(67): Notify: Parameter Substitution: parameter "URL" =  "advantageonlineshopping.com"	[MsgId: MMSG-13992]
Action.c(67): Notify: Parameter Substitution: parameter "URL" =  "advantageonlineshopping.com"	[MsgId: MMSG-13992]
Action.c(67): web_custom_request("GetAccountConfigurationRequest") was successful, 2 body bytes, 555 header bytes, 10 chunking overhead bytes  	[MsgId: MMSG-26385]
Action.c(76): web_custom_request("GetAccountConfigurationRequest_2") started  	[MsgId: MMSG-26355]
Action.c(76): Notify: Parameter Substitution: parameter "URL" =  "advantageonlineshopping.com"	[MsgId: MMSG-13992]
Action.c(76): Notify: Parameter Substitution: parameter "URL" =  "advantageonlineshopping.com"	[MsgId: MMSG-13992]
Action.c(76): web_custom_request("GetAccountConfigurationRequest_2") was successful, 823 body bytes, 674 header bytes  	[MsgId: MMSG-26386]
Action.c(88): web_url("categories") started  	[MsgId: MMSG-26355]
Action.c(88): Notify: Parameter Substitution: parameter "URL" =  "advantageonlineshopping.com"	[MsgId: MMSG-13992]
Action.c(88): Notify: Parameter Substitution: parameter "URL" =  "advantageonlineshopping.com"	[MsgId: MMSG-13992]
Action.c(88): web_url("categories") was successful, 5645 body bytes, 342 header bytes, 18 chunking overhead bytes  	[MsgId: MMSG-26385]
Action.c(97): web_url("search") started  	[MsgId: MMSG-26355]
Action.c(97): Notify: Parameter Substitution: parameter "URL" =  "advantageonlineshopping.com"	[MsgId: MMSG-13992]
Action.c(97): Notify: Parameter Substitution: parameter "URL" =  "advantageonlineshopping.com"	[MsgId: MMSG-13992]
Action.c(97): web_url("search") was successful, 351 body bytes, 342 header bytes, 17 chunking overhead bytes  	[MsgId: MMSG-26385]
Action.c(106): web_url("popularProducts.json") started  	[MsgId: MMSG-26355]
Action.c(106): Notify: Parameter Substitution: parameter "URL" =  "advantageonlineshopping.com"	[MsgId: MMSG-13992]
Action.c(106): Notify: Parameter Substitution: parameter "URL" =  "advantageonlineshopping.com"	[MsgId: MMSG-13992]
Action.c(106): web_url("popularProducts.json") was successful, 500 body bytes, 380 header bytes, 12 chunking overhead bytes  	[MsgId: MMSG-26385]
Action.c(115): web_url("home-page.html") started  	[MsgId: MMSG-26355]
Action.c(115): Notify: Parameter Substitution: parameter "URL" =  "advantageonlineshopping.com"	[MsgId: MMSG-13992]
Action.c(115): Notify: Parameter Substitution: parameter "URL" =  "advantageonlineshopping.com"	[MsgId: MMSG-13992]
Action.c(115): Found resource "http://advantageonlineshopping.com/app/views/css/images/Special-offer.jpg" in HTML "http://advantageonlineshopping.com/app/views/home-page.html"  	[MsgId: MMSG-26659]
Action.c(115): Found resource "http://advantageonlineshopping.com/css/images/chat_logo.png" in HTML "http://advantageonlineshopping.com/app/views/home-page.html"  	[MsgId: MMSG-26659]
Action.c(115): Warning -26626: HTTP Status-Code=404 (Not Found) for "http://advantageonlineshopping.com/app/views/css/images/Special-offer.jpg"  	[MsgId: MWAR-26626]
Action.c(115): web_url("home-page.html") highest severity level was "warning", 5740 body bytes, 987 header bytes, 24 chunking overhead bytes  	[MsgId: MMSG-26387]
Action.c(127): lr_think_time: 8.59 seconds (recorded think time was 9.00 seconds).	[MsgId: MMSG-15947]
Action was aborted.	[MsgId: MMSG-10694]
Ending Vuser...	[MsgId: MMSG-15966]
Starting action vuser_end.	[MsgId: MMSG-15919]
Ending action vuser_end.	[MsgId: MMSG-15918]
Vuser Terminated.	[MsgId: MMSG-15963]
Vuser 8 (thread 24544), ended OK."	[MsgId: MMSG-10695]
Action.c(129): Notify: Transaction "Ex7_TR01_ClickSpeakers" started.	[MsgId: MMSG-16999]
Action.c(131): web_reg_find started  	[MsgId: MMSG-26355]
Action.c(131): Registering web_reg_find was successful  	[MsgId: MMSG-26390]
Action.c(134): web_url("products") started  	[MsgId: MMSG-26355]
Action.c(134): Notify: Parameter Substitution: parameter "URL" =  "advantageonlineshopping.com"	[MsgId: MMSG-13992]
Action.c(134): Notify: Parameter Substitution: parameter "URL" =  "advantageonlineshopping.com"	[MsgId: MMSG-13992]
Action.c(134): Registered web_reg_find successful for "Text=SPEAKERS" (count=1)  	[MsgId: MMSG-26364]
Action.c(134): web_url("products") was successful, 1982 body bytes, 342 header bytes, 17 chunking overhead bytes  	[MsgId: MMSG-26385]
Action.c(143): web_url("attributes") started  	[MsgId: MMSG-26355]
Action.c(143): Notify: Parameter Substitution: parameter "URL" =  "advantageonlineshopping.com"	[MsgId: MMSG-13992]
Action.c(143): Notify: Parameter Substitution: parameter "URL" =  "advantageonlineshopping.com"	[MsgId: MMSG-13992]
Action.c(143): web_url("attributes") was successful, 552 body bytes, 342 header bytes, 17 chunking overhead bytes  	[MsgId: MMSG-26385]
Action.c(152): web_url("category-page.html") started  	[MsgId: MMSG-26355]
Action.c(152): Notify: Parameter Substitution: parameter "URL" =  "advantageonlineshopping.com"	[MsgId: MMSG-13992]
Action.c(152): Notify: Parameter Substitution: parameter "URL" =  "advantageonlineshopping.com"	[MsgId: MMSG-13992]
Action.c(152): web_url("category-page.html") was successful, 741 body bytes, 328 header bytes, 12 chunking overhead bytes  	[MsgId: MMSG-26385]
Action.c(161): Notify: Transaction "Ex7_TR01_ClickSpeakers" ended with a "Pass" status (Duration: 1.9752 Wasted Time: 0.0000).	[MsgId: MMSG-16871]
Action.c(164): lr_think_time: 6.11 seconds (recorded think time was 10.00 seconds).	[MsgId: MMSG-15947]
Action.c(166): Notify: Transaction "Ex7_TR02_BoseSoundLinkBluetoothSpeaker" started.	[MsgId: MMSG-16999]
Action.c(169): web_url("all_data") started  	[MsgId: MMSG-26355]
Action.c(169): Notify: Parameter Substitution: parameter "URL" =  "advantageonlineshopping.com"	[MsgId: MMSG-13992]
Action.c(169): Notify: Parameter Substitution: parameter "URL" =  "advantageonlineshopping.com"	[MsgId: MMSG-13992]
Action.c(169): web_url("all_data") was successful, 11345 body bytes, 342 header bytes, 25 chunking overhead bytes  	[MsgId: MMSG-26385]
Action.c(178): web_url("20") started  	[MsgId: MMSG-26355]
Action.c(178): Notify: Parameter Substitution: parameter "URL" =  "advantageonlineshopping.com"	[MsgId: MMSG-13992]
Action.c(178): Notify: Parameter Substitution: parameter "URL" =  "advantageonlineshopping.com"	[MsgId: MMSG-13992]
Action.c(178): web_url("20") was successful, 581 body bytes, 342 header bytes, 12 chunking overhead bytes  	[MsgId: MMSG-26385]
Action.c(187): web_url("product-page.html") started  	[MsgId: MMSG-26355]
Action.c(187): Notify: Parameter Substitution: parameter "URL" =  "advantageonlineshopping.com"	[MsgId: MMSG-13992]
Action.c(187): Notify: Parameter Substitution: parameter "URL" =  "advantageonlineshopping.com"	[MsgId: MMSG-13992]
Action.c(187): Found resource "http://advantageonlineshopping.com/css/images/review_right.png" in HTML "http://advantageonlineshopping.com/app/views/product-page.html"  	[MsgId: MMSG-26659]
Action.c(187): Found resource "http://advantageonlineshopping.com/css/images/reviewUser.png" in HTML "http://advantageonlineshopping.com/app/views/product-page.html"  	[MsgId: MMSG-26659]
Action.c(187): Found resource "http://advantageonlineshopping.com/css/images/review_Left_disabled.png" in HTML "http://advantageonlineshopping.com/app/views/product-page.html"  	[MsgId: MMSG-26659]
Action.c(187): web_url("product-page.html") was successful, 6064 body bytes, 1348 header bytes, 12 chunking overhead bytes  	[MsgId: MMSG-26385]
Action.c(195): Notify: Transaction "Ex7_TR02_BoseSoundLinkBluetoothSpeaker" ended with a "Pass" status (Duration: 2.8710).	[MsgId: MMSG-16873]
Ending action Action.	[MsgId: MMSG-15918]
Ending iteration 37.	[MsgId: MMSG-15965]
Waiting 29.1370 seconds for iteration pacing.	[MsgId: MMSG-15996]
Starting iteration 38.	[MsgId: MMSG-15968]
Notify: Next row for parameter URL = 2 [table  = URL].	[MsgId: MMSG-13876]
Notify: Getting new value for parameter 'URL': table = 'URL.dat' column = '0' row = '2'.	[MsgId: MMSG-13877]
Starting action Action.	[MsgId: MMSG-15919]
Action.c(4): web_set_sockets_option started  	[MsgId: MMSG-26355]
Action.c(4): web_set_sockets_option was successful  	[MsgId: MMSG-26392]
Action.c(6): web_add_auto_header("Accept-Language") started  	[MsgId: MMSG-26355]
Action.c(6): web_add_auto_header("Accept-Language") was successful  	[MsgId: MMSG-26392]
Action.c(9): web_add_cookie started  	[MsgId: MMSG-26355]
Action.c(9): web_add_cookie was successful  	[MsgId: MMSG-26392]
Action.c(13): web_url("{URL}") started  	[MsgId: MMSG-26355]
Action.c(13): Notify: Parameter Substitution: parameter "URL" =  "nimbusserver.aos.com:8000"	[MsgId: MMSG-13992]
Action.c(13): Notify: Parameter Substitution: parameter "URL" =  "nimbusserver.aos.com:8000"	[MsgId: MMSG-13992]
Action.c(13): Notify: Parameter Substitution: parameter "URL" =  "nimbusserver.aos.com:8000"	[MsgId: MMSG-13992]
Action.c(13): Notify: Parameter Substitution: parameter "URL" =  "nimbusserver.aos.com:8000"	[MsgId: MMSG-13992]
Action.c(13): Notify: Parameter Substitution: parameter "URL" =  "nimbusserver.aos.com:8000"	[MsgId: MMSG-13992]
Action.c(13): Notify: Parameter Substitution: parameter "URL" =  "nimbusserver.aos.com:8000"	[MsgId: MMSG-13992]
Action.c(13): Notify: Parameter Substitution: parameter "URL" =  "nimbusserver.aos.com:8000"	[MsgId: MMSG-13992]
Action.c(13): Error -27794: Could not resolve address of host nimbusserver.aos.com  	[MsgId: MERR-27794]
Action.c(13): Warning -26200: At least one of the resources specified by EXTRARES has not been downloaded due to the above error(s)  	[MsgId: MWAR-26200]
Action.c(13): web_url("{URL}") highest severity level was "ERROR", 0 body bytes, 0 header bytes  	[MsgId: MMSG-26388]
Ending action Action.	[MsgId: MMSG-15918]
Ending iteration 38.	[MsgId: MMSG-15965]
Waiting 29.1330 seconds for iteration pacing.	[MsgId: MMSG-15996]
Action was aborted.	[MsgId: MMSG-10694]
Ending Vuser...	[MsgId: MMSG-15966]
Starting action vuser_end.	[MsgId: MMSG-15919]
Ending action vuser_end.	[MsgId: MMSG-15918]
Vuser Terminated.	[MsgId: MMSG-15963]
Vuser 9 (thread 1284), ended OK."	[MsgId: MMSG-10695]
