Start auto log messages stack - Iteration 2.	[MsgId: MMSG-10545]
Starting action Action.	[MsgId: MMSG-15919]
Action.c(4): web_set_sockets_option started  	[MsgId: MMSG-26355]
Action.c(4): web_set_sockets_option was successful  	[MsgId: MMSG-26392]
Action.c(6): web_add_auto_header("Accept-Language") started  	[MsgId: MMSG-26355]
Action.c(6): web_add_auto_header("Accept-Language") was successful  	[MsgId: MMSG-26392]
Action.c(9): web_add_cookie started  	[MsgId: MMSG-26355]
Action.c(9): web_add_cookie was successful  	[MsgId: MMSG-26392]
Action.c(13): web_url("{URL}") started  	[MsgId: MMSG-26355]
Action.c(13): Error -27794: Could not resolve address of host nimbusserver.aos.com  	[MsgId: MERR-27794]
End auto log messages stack.	[MsgId: MMSG-10544]


Start auto log messages stack - Iteration 4.	[MsgId: MMSG-10545]
Starting action Action.	[MsgId: MMSG-15919]
Action.c(4): web_set_sockets_option started  	[MsgId: MMSG-26355]
Action.c(4): web_set_sockets_option was successful  	[MsgId: MMSG-26392]
Action.c(6): web_add_auto_header("Accept-Language") started  	[MsgId: MMSG-26355]
Action.c(6): web_add_auto_header("Accept-Language") was successful  	[MsgId: MMSG-26392]
Action.c(9): web_add_cookie started  	[MsgId: MMSG-26355]
Action.c(9): web_add_cookie was successful  	[MsgId: MMSG-26392]
Action.c(13): web_url("{URL}") started  	[MsgId: MMSG-26355]
Action.c(13): Error -27794: Could not resolve address of host nimbusserver.aos.com  	[MsgId: MERR-27794]
End auto log messages stack.	[MsgId: MMSG-10544]


Start auto log messages stack - Iteration 6.	[MsgId: MMSG-10545]
Starting action Action.	[MsgId: MMSG-15919]
Action.c(4): web_set_sockets_option started  	[MsgId: MMSG-26355]
Action.c(4): web_set_sockets_option was successful  	[MsgId: MMSG-26392]
Action.c(6): web_add_auto_header("Accept-Language") started  	[MsgId: MMSG-26355]
Action.c(6): web_add_auto_header("Accept-Language") was successful  	[MsgId: MMSG-26392]
Action.c(9): web_add_cookie started  	[MsgId: MMSG-26355]
Action.c(9): web_add_cookie was successful  	[MsgId: MMSG-26392]
Action.c(13): web_url("{URL}") started  	[MsgId: MMSG-26355]
Action.c(13): Error -27794: Could not resolve address of host nimbusserver.aos.com  	[MsgId: MERR-27794]
End auto log messages stack.	[MsgId: MMSG-10544]


Start auto log messages stack - Iteration 8.	[MsgId: MMSG-10545]
Starting action Action.	[MsgId: MMSG-15919]
Action.c(4): web_set_sockets_option started  	[MsgId: MMSG-26355]
Action.c(4): web_set_sockets_option was successful  	[MsgId: MMSG-26392]
Action.c(6): web_add_auto_header("Accept-Language") started  	[MsgId: MMSG-26355]
Action.c(6): web_add_auto_header("Accept-Language") was successful  	[MsgId: MMSG-26392]
Action.c(9): web_add_cookie started  	[MsgId: MMSG-26355]
Action.c(9): web_add_cookie was successful  	[MsgId: MMSG-26392]
Action.c(13): web_url("{URL}") started  	[MsgId: MMSG-26355]
Action.c(13): Error -27794: Could not resolve address of host nimbusserver.aos.com  	[MsgId: MERR-27794]
End auto log messages stack.	[MsgId: MMSG-10544]


Start auto log messages stack - Iteration 10.	[MsgId: MMSG-10545]
Starting action Action.	[MsgId: MMSG-15919]
Action.c(4): web_set_sockets_option started  	[MsgId: MMSG-26355]
Action.c(4): web_set_sockets_option was successful  	[MsgId: MMSG-26392]
Action.c(6): web_add_auto_header("Accept-Language") started  	[MsgId: MMSG-26355]
Action.c(6): web_add_auto_header("Accept-Language") was successful  	[MsgId: MMSG-26392]
Action.c(9): web_add_cookie started  	[MsgId: MMSG-26355]
Action.c(9): web_add_cookie was successful  	[MsgId: MMSG-26392]
Action.c(13): web_url("{URL}") started  	[MsgId: MMSG-26355]
Action.c(13): Error -27794: Could not resolve address of host nimbusserver.aos.com  	[MsgId: MERR-27794]
End auto log messages stack.	[MsgId: MMSG-10544]


Start auto log messages stack - Iteration 12.	[MsgId: MMSG-10545]
Starting action Action.	[MsgId: MMSG-15919]
Action.c(4): web_set_sockets_option started  	[MsgId: MMSG-26355]
Action.c(4): web_set_sockets_option was successful  	[MsgId: MMSG-26392]
Action.c(6): web_add_auto_header("Accept-Language") started  	[MsgId: MMSG-26355]
Action.c(6): web_add_auto_header("Accept-Language") was successful  	[MsgId: MMSG-26392]
Action.c(9): web_add_cookie started  	[MsgId: MMSG-26355]
Action.c(9): web_add_cookie was successful  	[MsgId: MMSG-26392]
Action.c(13): web_url("{URL}") started  	[MsgId: MMSG-26355]
Action.c(13): Error -27794: Could not resolve address of host nimbusserver.aos.com  	[MsgId: MERR-27794]
End auto log messages stack.	[MsgId: MMSG-10544]


Start auto log messages stack - Iteration 14.	[MsgId: MMSG-10545]
Starting action Action.	[MsgId: MMSG-15919]
Action.c(4): web_set_sockets_option started  	[MsgId: MMSG-26355]
Action.c(4): web_set_sockets_option was successful  	[MsgId: MMSG-26392]
Action.c(6): web_add_auto_header("Accept-Language") started  	[MsgId: MMSG-26355]
Action.c(6): web_add_auto_header("Accept-Language") was successful  	[MsgId: MMSG-26392]
Action.c(9): web_add_cookie started  	[MsgId: MMSG-26355]
Action.c(9): web_add_cookie was successful  	[MsgId: MMSG-26392]
Action.c(13): web_url("{URL}") started  	[MsgId: MMSG-26355]
Action.c(13): Error -27794: Could not resolve address of host nimbusserver.aos.com  	[MsgId: MERR-27794]
End auto log messages stack.	[MsgId: MMSG-10544]


Start auto log messages stack - Iteration 16.	[MsgId: MMSG-10545]
Starting action Action.	[MsgId: MMSG-15919]
Action.c(4): web_set_sockets_option started  	[MsgId: MMSG-26355]
Action.c(4): web_set_sockets_option was successful  	[MsgId: MMSG-26392]
Action.c(6): web_add_auto_header("Accept-Language") started  	[MsgId: MMSG-26355]
Action.c(6): web_add_auto_header("Accept-Language") was successful  	[MsgId: MMSG-26392]
Action.c(9): web_add_cookie started  	[MsgId: MMSG-26355]
Action.c(9): web_add_cookie was successful  	[MsgId: MMSG-26392]
Action.c(13): web_url("{URL}") started  	[MsgId: MMSG-26355]
Action.c(13): Error -27794: Could not resolve address of host nimbusserver.aos.com  	[MsgId: MERR-27794]
End auto log messages stack.	[MsgId: MMSG-10544]


Start auto log messages stack - Iteration 18.	[MsgId: MMSG-10545]
Starting action Action.	[MsgId: MMSG-15919]
Action.c(4): web_set_sockets_option started  	[MsgId: MMSG-26355]
Action.c(4): web_set_sockets_option was successful  	[MsgId: MMSG-26392]
Action.c(6): web_add_auto_header("Accept-Language") started  	[MsgId: MMSG-26355]
Action.c(6): web_add_auto_header("Accept-Language") was successful  	[MsgId: MMSG-26392]
Action.c(9): web_add_cookie started  	[MsgId: MMSG-26355]
Action.c(9): web_add_cookie was successful  	[MsgId: MMSG-26392]
Action.c(13): web_url("{URL}") started  	[MsgId: MMSG-26355]
Action.c(13): Error -27794: Could not resolve address of host nimbusserver.aos.com  	[MsgId: MERR-27794]
End auto log messages stack.	[MsgId: MMSG-10544]


